#
# A fatal error has been detected by the Java Runtime Environment:
#
#  SIGSEGV (0xb) at pc=0x00007d8be4680675, pid=56092, tid=56098
#
# JRE version: OpenJDK Runtime Environment (21.0.4+7) (build 21.0.4+7-Ubuntu-1ubuntu224.04)
# Java VM: OpenJDK 64-Bit Server VM (21.0.4+7-Ubuntu-1ubuntu224.04, mixed mode, sharing, tiered, compressed oops, compressed class ptrs, g1 gc, linux-amd64)
# Problematic frame:
# C  [libglfw.so+0xf675]
#
# Core dump will be written. Default location: Core dumps may be processed with "/usr/share/apport/apport -p%p -s%s -c%c -d%d -P%P -u%u -g%g -- %E" (or dumping to /home/yaseen/javaDevelopmentWorkSpaceWithIntellij/GameEngineWithJava/core.56092)
#
# If you would like to submit a bug report, please visit:
#   https://bugs.launchpad.net/ubuntu/+source/openjdk-21
# The crash happened outside the Java Virtual Machine in native code.
# See problematic frame for where to report the bug.
#

---------------  S U M M A R Y ------------

Command Line: -Dfile.encoding=UTF-8 -Duser.country=US -Duser.language=en -Duser.variant org.MainModule.Window

Host: Intel(R) Core(TM) i5-3470 CPU @ 3.20GHz, 4 cores, 15G, Ubuntu 24.04.1 LTS
Time: Wed Aug 28 13:44:56 2024 EEST elapsed time: 0.314983 seconds (0d 0h 0m 0s)

---------------  T H R E A D  ---------------

Current thread (0x00007d8bfc01a410):  JavaThread "main"             [_thread_in_native, id=56098, stack(0x00007d8c02500000,0x00007d8c02600000) (1024K)]

Stack: [0x00007d8c02500000,0x00007d8c02600000],  sp=0x00007d8c025fe100,  free space=1016k
Native frames: (J=compiled Java code, j=interpreted, Vv=VM code, C=native code)
C  [libglfw.so+0xf675]
Java frames: (J=compiled Java code, j=interpreted, Vv=VM code)
j  org.lwjgl.system.JNI.invokePPPP(IIJJJJ)J+0
j  org.lwjgl.glfw.GLFW.nglfwCreateWindow(IIJJJ)J+14
j  org.lwjgl.glfw.GLFW.glfwCreateWindow(IILjava/lang/CharSequence;JJ)J+34
j  org.MainModule.Window.init()V+69
j  org.MainModule.Window.runWindow()V+29
j  org.MainModule.Window.main([Ljava/lang/String;)V+15
v  ~StubRoutines::call_stub 0x00007d8bebd37cc6

siginfo: si_signo: 11 (SIGSEGV), si_code: 1 (SEGV_MAPERR), si_addr: 0x0000000000021227

Registers:
RAX=0x000000000002100f, RBX=0x00007d8be46dc1c0, RCX=0x0000000000000000, RDX=0x0000000000030001
RSP=0x00007d8c025fe100, RBP=0x00007d8c025fe120, RSI=0x00007d8be46dc918, RDI=0x00007d8c025fe120
R8 =0x0000000000036001, R9 =0x0000000000000000, R10=0x00007d8bebd43911, R11=0x0000000715e71758
R12=0x0000000000000000, R13=0x0000000000000320, R14=0x0000000000000320, R15=0x00007d8bfc29b038
RIP=0x00007d8be4680675, EFLAGS=0x0000000000010202, CSGSFS=0x002b000000000033, ERR=0x0000000000000004
  TRAPNO=0x000000000000000e


Register to memory mapping:

RAX=0x000000000002100f is an unknown value
RBX=0x00007d8be46dc1c0: <offset 0x000000000006b1c0> in /tmp/lwjgl_yaseen/3.3.4+7/x64/libglfw.so at 0x00007d8be4671000
RCX=0x0 is null
RDX=0x0000000000030001 is an unknown value
RSP=0x00007d8c025fe100 is pointing into the stack for thread: 0x00007d8bfc01a410
RBP=0x00007d8c025fe120 is pointing into the stack for thread: 0x00007d8bfc01a410
RSI=0x00007d8be46dc918: <offset 0x000000000006b918> in /tmp/lwjgl_yaseen/3.3.4+7/x64/libglfw.so at 0x00007d8be4671000
RDI=0x00007d8c025fe120 is pointing into the stack for thread: 0x00007d8bfc01a410
R8 =0x0000000000036001 is an unknown value
R9 =0x0 is null
R10=0x00007d8bebd43911 is at code_begin+1009 in an Interpreter codelet
native method entry point (kind = native)  [0x00007d8bebd43520, 0x00007d8bebd43f90]  2672 bytes
R11=0x0000000715e71758 is an oop: java.lang.Class 
{0x0000000715e71758} - klass: 'java/lang/Class'
 - ---- fields (total size 14 words):
 - private volatile transient 'classRedefinedCount' 'I' @12  0 (0x00000000)
 - injected 'klass' 'J' @16  138038168613096 (0x00007d8b840170e8)
 - injected 'array_klass' 'J' @24  0 (0x0000000000000000)
 - injected 'oop_size' 'I' @32  14 (0x0000000e)
 - injected 'static_oop_field_count' 'I' @36  0 (0x00000000)
 - private volatile transient 'cachedConstructor' 'Ljava/lang/reflect/Constructor;' @40  null (0x00000000)
 - private transient 'name' 'Ljava/lang/String;' @44  "org.lwjgl.system.JNI"{0x0000000715e717c8} (0xe2bce2f9)
 - private transient 'module' 'Ljava/lang/Module;' @48  a 'java/lang/Module'{0x00000007ffee8318} (0xfffdd063)
 - private final 'classLoader' 'Ljava/lang/ClassLoader;' @52  a 'jdk/internal/loader/ClassLoaders$AppClassLoader'{0x00000007ffee82b0} (0xfffdd056)
 - private transient 'classData' 'Ljava/lang/Object;' @56  null (0x00000000)
 - private transient 'packageName' 'Ljava/lang/String;' @60  "org.lwjgl.system"{0x0000000716344ca0} (0xe2c68994)
 - private final 'componentType' 'Ljava/lang/Class;' @64  null (0x00000000)
 - private volatile transient 'reflectionData' 'Ljava/lang/ref/SoftReference;' @68  null (0x00000000)
 - private volatile transient 'genericInfo' 'Lsun/reflect/generics/repository/ClassRepository;' @72  null (0x00000000)
 - private volatile transient 'enumConstants' '[Ljava/lang/Object;' @76  null (0x00000000)
 - private volatile transient 'enumConstantDirectory' 'Ljava/util/Map;' @80  null (0x00000000)
 - private volatile transient 'annotationData' 'Ljava/lang/Class$AnnotationData;' @84  null (0x00000000)
 - private volatile transient 'annotationType' 'Lsun/reflect/annotation/AnnotationType;' @88  null (0x00000000)
 - transient 'classValueMap' 'Ljava/lang/ClassValue$ClassValueMap;' @92  null (0x00000000)
 - injected 'protection_domain' 'Ljava/lang/Object;' @96  a 'java/security/ProtectionDomain'{0x00000007162fdbd8} (0xe2c5fb7b)
 - injected 'signers_name' 'Ljava/lang/Object;' @100  null (0x00000000)
 - injected 'source_file' 'Ljava/lang/Object;' @104  null (0x00000000)
 - signature: Lorg/lwjgl/system/JNI;
 - ---- static fields (0):
R12=0x0 is null
R13=0x0000000000000320 is an unknown value
R14=0x0000000000000320 is an unknown value
R15=0x00007d8bfc29b038 points into unknown readable memory: 0x000000656c746954 | 54 69 74 6c 65 00 00 00

Top of Stack: (sp=0x00007d8c025fe100)
0x00007d8c025fe100:   0000000000000000 00007d8be4686d81
0x00007d8c025fe110:   0000000000000000 00007d8c025fe1b0
0x00007d8c025fe120:   0003600100030001 0000000000000001
0x00007d8c025fe130:   0000000000000000 0000000000000000
0x00007d8c025fe140:   0000000000000000 000000000002100f
0x00007d8c025fe150:   0000000000000000 00007d8c031ee37b
0x00007d8c025fe160:   0000000800000008 0000000800000008
0x00007d8c025fe170:   0000000800000018 0000000000000000
0x00007d8c025fe180:   0000000000000000 0000000000000000
0x00007d8c025fe190:   0000000000000000 0000000000000001
0x00007d8c025fe1a0:   0000000000000000 00007d8c025fe3a0
0x00007d8c025fe1b0:   8000000080000000 0000032000000320
0x00007d8c025fe1c0:   00007d8bfc29b038 0000000000000001
0x00007d8c025fe1d0:   0000000100000001 0000000000000001
0x00007d8c025fe1e0:   0000000100000001 0000000000000001
0x00007d8c025fe1f0:   0000000100000000 0000000000000000
0x00007d8c025fe200:   0000000000000000 0000000000000000
0x00007d8c025fe210:   0000000000000000 0000000000000000
0x00007d8c025fe220:   0000000000000000 0000000000000000
0x00007d8c025fe230:   0000000000000000 0000000000000000
0x00007d8c025fe240:   0000000000000000 0000000000000000
0x00007d8c025fe250:   0000000000000000 0000000000000000
0x00007d8c025fe260:   0000000000000000 0000000000000000
0x00007d8c025fe270:   0000000000000000 0000000000000000
0x00007d8c025fe280:   0000000000000000 0000000000000000
0x00007d8c025fe290:   0000000000000000 0000000000000000
0x00007d8c025fe2a0:   0000000000000000 0000000000000000
0x00007d8c025fe2b0:   0000000000000000 0000000000000000
0x00007d8c025fe2c0:   0000000000000000 0000000000000000
0x00007d8c025fe2d0:   0000000000000000 0000000000000000
0x00007d8c025fe2e0:   0000000000000000 0000000000000000
0x00007d8c025fe2f0:   0000000000000000 0000000000000000 

Instructions: (pc=0x00007d8be4680675)
0x00007d8be4680575:   05 00 48 8d 05 1a bc 05 00 48 39 f8 74 15 48 8b
0x00007d8be4680585:   05 26 9a 05 00 48 85 c0 74 09 ff e0 0f 1f 80 00
0x00007d8be4680595:   00 00 00 c3 0f 1f 80 00 00 00 00 48 8d 3d f1 bb
0x00007d8be46805a5:   05 00 48 8d 35 ea bb 05 00 48 29 fe 48 89 f0 48
0x00007d8be46805b5:   c1 ee 3f 48 c1 f8 03 48 01 c6 48 d1 fe 74 14 48
0x00007d8be46805c5:   8b 05 05 9a 05 00 48 85 c0 74 08 ff e0 66 0f 1f
0x00007d8be46805d5:   44 00 00 c3 0f 1f 80 00 00 00 00 f3 0f 1e fa 80
0x00007d8be46805e5:   3d b5 bb 05 00 00 75 2b 55 48 83 3d ea 99 05 00
0x00007d8be46805f5:   00 48 89 e5 74 0c 48 8d 3d fe 64 05 00 e8 f9 fe
0x00007d8be4680605:   ff ff e8 64 ff ff ff c6 05 8d bb 05 00 01 5d c3
0x00007d8be4680615:   0f 1f 00 c3 0f 1f 80 00 00 00 00 f3 0f 1e fa e9
0x00007d8be4680625:   77 ff ff ff 0f 1f 80 00 00 00 00 41 54 44 8b 47
0x00007d8be4680635:   04 41 8d 80 ff 9f fc ff 83 f8 02 0f 87 da 00 00
0x00007d8be4680645:   00 8b 17 85 d2 0f 84 a0 00 00 00 81 fa 01 00 03
0x00007d8be4680655:   00 0f 84 94 00 00 00 81 fa 02 00 03 00 0f 85 e0
0x00007d8be4680665:   01 00 00 48 8b 47 28 48 85 c0 0f 84 83 01 00 00
0x00007d8be4680675:   8b 88 18 02 00 00 85 c9 0f 84 7e 00 00 00 44 3b
0x00007d8be4680685:   80 1c 02 00 00 0f 85 48 01 00 00 81 fa 01 00 03
0x00007d8be4680695:   00 0f 84 a4 00 00 00 81 fa 02 00 03 00 0f 84 50
0x00007d8be46806a5:   01 00 00 8b 57 20 85 d2 74 0f 8d 82 ff ef fc ff
0x00007d8be46806b5:   83 f8 01 0f 87 fa 01 00 00 8b 57 24 41 bc 01 00
0x00007d8be46806c5:   00 00 85 d2 74 47 8d 82 ff af fc ff 83 f8 01 76
0x00007d8be46806d5:   3c 48 8d 35 5b 0a 02 00 bf 03 00 01 00 31 c0 45
0x00007d8be46806e5:   31 e4 e8 24 10 00 00 eb 24 66 90 48 8b 47 28 48
0x00007d8be46806f5:   85 c0 74 97 85 d2 0f 85 74 ff ff ff 31 f6 bf 0a
0x00007d8be4680705:   00 01 00 31 c0 45 31 e4 e8 fe 0f 00 00 44 89 e0
0x00007d8be4680715:   41 5c c3 0f 1f 84 00 00 00 00 00 31 c0 45 31 e4
0x00007d8be4680725:   44 89 c2 bf 03 00 01 00 48 8d 35 cc 08 02 00 e8
0x00007d8be4680735:   d7 0f 00 00 44 89 e0 41 5c c3 90 8b 57 08 8b 4f
0x00007d8be4680745:   0c 85 d2 0f 8e 1a 01 00 00 85 c9 0f 88 12 01 00
0x00007d8be4680755:   00 83 fa 01 75 09 83 f9 05 0f 8f 04 01 00 00 83
0x00007d8be4680765:   fa 02 75 09 83 f9 01 0f 8f f6 00 00 00 83 fa 03 


Stack slot to memory mapping:

stack at sp + 0 slots: 0x0 is null
stack at sp + 1 slots: 0x00007d8be4686d81: glfwCreateWindow+0x0000000000000101 in /tmp/lwjgl_yaseen/3.3.4+7/x64/libglfw.so at 0x00007d8be4671000
stack at sp + 2 slots: 0x0 is null
stack at sp + 3 slots: 0x00007d8c025fe1b0 is pointing into the stack for thread: 0x00007d8bfc01a410
stack at sp + 4 slots: 0x0003600100030001 is an unknown value
stack at sp + 5 slots: 0x0000000000000001 is an unknown value
stack at sp + 6 slots: 0x0 is null
stack at sp + 7 slots: 0x0 is null


---------------  P R O C E S S  ---------------

Threads class SMR info:
_java_thread_list=0x00007d8bfc1754a0, length=10, elements={
0x00007d8bfc01a410, 0x00007d8bfc158d80, 0x00007d8bfc15a530, 0x00007d8bfc15c000,
0x00007d8bfc15d650, 0x00007d8bfc15ec00, 0x00007d8bfc160750, 0x00007d8bfc161e20,
0x00007d8bfc170a80, 0x00007d8bfc174310
}

Java Threads: ( => current thread )
=>0x00007d8bfc01a410 JavaThread "main"                              [_thread_in_native, id=56098, stack(0x00007d8c02500000,0x00007d8c02600000) (1024K)]
  0x00007d8bfc158d80 JavaThread "Reference Handler"          daemon [_thread_blocked, id=56106, stack(0x00007d8bfbf00000,0x00007d8bfc000000) (1024K)]
  0x00007d8bfc15a530 JavaThread "Finalizer"                  daemon [_thread_blocked, id=56107, stack(0x00007d8be4700000,0x00007d8be4800000) (1024K)]
  0x00007d8bfc15c000 JavaThread "Signal Dispatcher"          daemon [_thread_blocked, id=56108, stack(0x00007d8be0100000,0x00007d8be0200000) (1024K)]
  0x00007d8bfc15d650 JavaThread "Service Thread"             daemon [_thread_blocked, id=56109, stack(0x00007d8be0000000,0x00007d8be0100000) (1024K)]
  0x00007d8bfc15ec00 JavaThread "Monitor Deflation Thread"   daemon [_thread_blocked, id=56110, stack(0x00007d8bd9f00000,0x00007d8bda000000) (1024K)]
  0x00007d8bfc160750 JavaThread "C2 CompilerThread0"         daemon [_thread_blocked, id=56111, stack(0x00007d8bd9e00000,0x00007d8bd9f00000) (1024K)]
  0x00007d8bfc161e20 JavaThread "C1 CompilerThread0"         daemon [_thread_blocked, id=56112, stack(0x00007d8bd9d00000,0x00007d8bd9e00000) (1024K)]
  0x00007d8bfc170a80 JavaThread "Notification Thread"        daemon [_thread_blocked, id=56113, stack(0x00007d8bd9c00000,0x00007d8bd9d00000) (1024K)]
  0x00007d8bfc174310 JavaThread "Common-Cleaner"             daemon [_thread_blocked, id=56114, stack(0x00007d8bd9b00000,0x00007d8bd9c00000) (1024K)]
Total: 10

Other Threads:
  0x00007d8bfc14bc20 VMThread "VM Thread"                           [id=56105, stack(0x00007d8c000f6000,0x00007d8c001f6000) (1024K)]
  0x00007d8bfc1317d0 WatcherThread "VM Periodic Task Thread"        [id=56104, stack(0x00007d8c001f7000,0x00007d8c002f7000) (1024K)]
  0x00007d8bfc081d80 WorkerThread "GC Thread#0"                     [id=56099, stack(0x00007d8c00b00000,0x00007d8c00c00000) (1024K)]
  0x00007d8bfc092cd0 ConcurrentGCThread "G1 Main Marker"            [id=56100, stack(0x00007d8c009ff000,0x00007d8c00aff000) (1024K)]
  0x00007d8bfc093c80 WorkerThread "G1 Conc#0"                       [id=56101, stack(0x00007d8c008fe000,0x00007d8c009fe000) (1024K)]
  0x00007d8bfc116ba0 ConcurrentGCThread "G1 Refine#0"               [id=56102, stack(0x00007d8c003f9000,0x00007d8c004f9000) (1024K)]
  0x00007d8bfc117b60 ConcurrentGCThread "G1 Service"                [id=56103, stack(0x00007d8c002f8000,0x00007d8c003f8000) (1024K)]
Total: 7

Threads with active compile tasks:
Total: 0

VM state: not at safepoint (normal execution)

VM Mutex/Monitor currently owned by a thread: None

Heap address: 0x0000000706a00000, size: 3990 MB, Compressed Oops mode: Zero based, Oop shift amount: 3

CDS archive(s) mapped at: [0x00007d8b83000000-0x00007d8b83cae000-0x00007d8b83cae000), size 13295616, SharedBaseAddress: 0x00007d8b83000000, ArchiveRelocationMode: 1.
Compressed class space mapped at: 0x00007d8b84000000-0x00007d8bc4000000, reserved size: 1073741824
Narrow klass base: 0x00007d8b83000000, Narrow klass shift: 0, Narrow klass range: 0x100000000

GC Precious Log:
 CardTable entry size: 512
 Card Set container configuration: InlinePtr #cards 4 size 8 Array Of Cards #cards 16 size 48 Howl #buckets 8 coarsen threshold 3686 Howl Bitmap #cards 512 size 80 coarsen threshold 460 Card regions per heap region 1 cards per card region 4096
 CPUs: 4 total, 4 available
 Memory: 15957M
 Large Page Support: Disabled
 NUMA Support: Disabled
 Compressed Oops: Enabled (Zero based)
 Heap Region Size: 2M
 Heap Min Capacity: 8M
 Heap Initial Capacity: 250M
 Heap Max Capacity: 3990M
 Pre-touch: Disabled
 Parallel Workers: 4
 Concurrent Workers: 1
 Concurrent Refinement Workers: 4
 Periodic GC: Disabled

Heap:
 garbage-first heap   total 258048K, used 5150K [0x0000000706a00000, 0x0000000800000000)
  region size 2048K, 3 young (6144K), 0 survivors (0K)
 Metaspace       used 2551K, committed 2688K, reserved 1114112K
  class space    used 189K, committed 256K, reserved 1048576K

Heap Regions: E=young(eden), S=young(survivor), O=old, HS=humongous(starts), HC=humongous(continues), CS=collection set, F=free, TAMS=top-at-mark-start, PB=parsable bottom
|   0|0x0000000706a00000, 0x0000000706a00000, 0x0000000706c00000|  0%| F|  |TAMS 0x0000000706a00000| PB 0x0000000706a00000| Untracked 
|   1|0x0000000706c00000, 0x0000000706c00000, 0x0000000706e00000|  0%| F|  |TAMS 0x0000000706c00000| PB 0x0000000706c00000| Untracked 
|   2|0x0000000706e00000, 0x0000000706e00000, 0x0000000707000000|  0%| F|  |TAMS 0x0000000706e00000| PB 0x0000000706e00000| Untracked 
|   3|0x0000000707000000, 0x0000000707000000, 0x0000000707200000|  0%| F|  |TAMS 0x0000000707000000| PB 0x0000000707000000| Untracked 
|   4|0x0000000707200000, 0x0000000707200000, 0x0000000707400000|  0%| F|  |TAMS 0x0000000707200000| PB 0x0000000707200000| Untracked 
|   5|0x0000000707400000, 0x0000000707400000, 0x0000000707600000|  0%| F|  |TAMS 0x0000000707400000| PB 0x0000000707400000| Untracked 
|   6|0x0000000707600000, 0x0000000707600000, 0x0000000707800000|  0%| F|  |TAMS 0x0000000707600000| PB 0x0000000707600000| Untracked 
|   7|0x0000000707800000, 0x0000000707800000, 0x0000000707a00000|  0%| F|  |TAMS 0x0000000707800000| PB 0x0000000707800000| Untracked 
|   8|0x0000000707a00000, 0x0000000707a00000, 0x0000000707c00000|  0%| F|  |TAMS 0x0000000707a00000| PB 0x0000000707a00000| Untracked 
|   9|0x0000000707c00000, 0x0000000707c00000, 0x0000000707e00000|  0%| F|  |TAMS 0x0000000707c00000| PB 0x0000000707c00000| Untracked 
|  10|0x0000000707e00000, 0x0000000707e00000, 0x0000000708000000|  0%| F|  |TAMS 0x0000000707e00000| PB 0x0000000707e00000| Untracked 
|  11|0x0000000708000000, 0x0000000708000000, 0x0000000708200000|  0%| F|  |TAMS 0x0000000708000000| PB 0x0000000708000000| Untracked 
|  12|0x0000000708200000, 0x0000000708200000, 0x0000000708400000|  0%| F|  |TAMS 0x0000000708200000| PB 0x0000000708200000| Untracked 
|  13|0x0000000708400000, 0x0000000708400000, 0x0000000708600000|  0%| F|  |TAMS 0x0000000708400000| PB 0x0000000708400000| Untracked 
|  14|0x0000000708600000, 0x0000000708600000, 0x0000000708800000|  0%| F|  |TAMS 0x0000000708600000| PB 0x0000000708600000| Untracked 
|  15|0x0000000708800000, 0x0000000708800000, 0x0000000708a00000|  0%| F|  |TAMS 0x0000000708800000| PB 0x0000000708800000| Untracked 
|  16|0x0000000708a00000, 0x0000000708a00000, 0x0000000708c00000|  0%| F|  |TAMS 0x0000000708a00000| PB 0x0000000708a00000| Untracked 
|  17|0x0000000708c00000, 0x0000000708c00000, 0x0000000708e00000|  0%| F|  |TAMS 0x0000000708c00000| PB 0x0000000708c00000| Untracked 
|  18|0x0000000708e00000, 0x0000000708e00000, 0x0000000709000000|  0%| F|  |TAMS 0x0000000708e00000| PB 0x0000000708e00000| Untracked 
|  19|0x0000000709000000, 0x0000000709000000, 0x0000000709200000|  0%| F|  |TAMS 0x0000000709000000| PB 0x0000000709000000| Untracked 
|  20|0x0000000709200000, 0x0000000709200000, 0x0000000709400000|  0%| F|  |TAMS 0x0000000709200000| PB 0x0000000709200000| Untracked 
|  21|0x0000000709400000, 0x0000000709400000, 0x0000000709600000|  0%| F|  |TAMS 0x0000000709400000| PB 0x0000000709400000| Untracked 
|  22|0x0000000709600000, 0x0000000709600000, 0x0000000709800000|  0%| F|  |TAMS 0x0000000709600000| PB 0x0000000709600000| Untracked 
|  23|0x0000000709800000, 0x0000000709800000, 0x0000000709a00000|  0%| F|  |TAMS 0x0000000709800000| PB 0x0000000709800000| Untracked 
|  24|0x0000000709a00000, 0x0000000709a00000, 0x0000000709c00000|  0%| F|  |TAMS 0x0000000709a00000| PB 0x0000000709a00000| Untracked 
|  25|0x0000000709c00000, 0x0000000709c00000, 0x0000000709e00000|  0%| F|  |TAMS 0x0000000709c00000| PB 0x0000000709c00000| Untracked 
|  26|0x0000000709e00000, 0x0000000709e00000, 0x000000070a000000|  0%| F|  |TAMS 0x0000000709e00000| PB 0x0000000709e00000| Untracked 
|  27|0x000000070a000000, 0x000000070a000000, 0x000000070a200000|  0%| F|  |TAMS 0x000000070a000000| PB 0x000000070a000000| Untracked 
|  28|0x000000070a200000, 0x000000070a200000, 0x000000070a400000|  0%| F|  |TAMS 0x000000070a200000| PB 0x000000070a200000| Untracked 
|  29|0x000000070a400000, 0x000000070a400000, 0x000000070a600000|  0%| F|  |TAMS 0x000000070a400000| PB 0x000000070a400000| Untracked 
|  30|0x000000070a600000, 0x000000070a600000, 0x000000070a800000|  0%| F|  |TAMS 0x000000070a600000| PB 0x000000070a600000| Untracked 
|  31|0x000000070a800000, 0x000000070a800000, 0x000000070aa00000|  0%| F|  |TAMS 0x000000070a800000| PB 0x000000070a800000| Untracked 
|  32|0x000000070aa00000, 0x000000070aa00000, 0x000000070ac00000|  0%| F|  |TAMS 0x000000070aa00000| PB 0x000000070aa00000| Untracked 
|  33|0x000000070ac00000, 0x000000070ac00000, 0x000000070ae00000|  0%| F|  |TAMS 0x000000070ac00000| PB 0x000000070ac00000| Untracked 
|  34|0x000000070ae00000, 0x000000070ae00000, 0x000000070b000000|  0%| F|  |TAMS 0x000000070ae00000| PB 0x000000070ae00000| Untracked 
|  35|0x000000070b000000, 0x000000070b000000, 0x000000070b200000|  0%| F|  |TAMS 0x000000070b000000| PB 0x000000070b000000| Untracked 
|  36|0x000000070b200000, 0x000000070b200000, 0x000000070b400000|  0%| F|  |TAMS 0x000000070b200000| PB 0x000000070b200000| Untracked 
|  37|0x000000070b400000, 0x000000070b400000, 0x000000070b600000|  0%| F|  |TAMS 0x000000070b400000| PB 0x000000070b400000| Untracked 
|  38|0x000000070b600000, 0x000000070b600000, 0x000000070b800000|  0%| F|  |TAMS 0x000000070b600000| PB 0x000000070b600000| Untracked 
|  39|0x000000070b800000, 0x000000070b800000, 0x000000070ba00000|  0%| F|  |TAMS 0x000000070b800000| PB 0x000000070b800000| Untracked 
|  40|0x000000070ba00000, 0x000000070ba00000, 0x000000070bc00000|  0%| F|  |TAMS 0x000000070ba00000| PB 0x000000070ba00000| Untracked 
|  41|0x000000070bc00000, 0x000000070bc00000, 0x000000070be00000|  0%| F|  |TAMS 0x000000070bc00000| PB 0x000000070bc00000| Untracked 
|  42|0x000000070be00000, 0x000000070be00000, 0x000000070c000000|  0%| F|  |TAMS 0x000000070be00000| PB 0x000000070be00000| Untracked 
|  43|0x000000070c000000, 0x000000070c000000, 0x000000070c200000|  0%| F|  |TAMS 0x000000070c000000| PB 0x000000070c000000| Untracked 
|  44|0x000000070c200000, 0x000000070c200000, 0x000000070c400000|  0%| F|  |TAMS 0x000000070c200000| PB 0x000000070c200000| Untracked 
|  45|0x000000070c400000, 0x000000070c400000, 0x000000070c600000|  0%| F|  |TAMS 0x000000070c400000| PB 0x000000070c400000| Untracked 
|  46|0x000000070c600000, 0x000000070c600000, 0x000000070c800000|  0%| F|  |TAMS 0x000000070c600000| PB 0x000000070c600000| Untracked 
|  47|0x000000070c800000, 0x000000070c800000, 0x000000070ca00000|  0%| F|  |TAMS 0x000000070c800000| PB 0x000000070c800000| Untracked 
|  48|0x000000070ca00000, 0x000000070ca00000, 0x000000070cc00000|  0%| F|  |TAMS 0x000000070ca00000| PB 0x000000070ca00000| Untracked 
|  49|0x000000070cc00000, 0x000000070cc00000, 0x000000070ce00000|  0%| F|  |TAMS 0x000000070cc00000| PB 0x000000070cc00000| Untracked 
|  50|0x000000070ce00000, 0x000000070ce00000, 0x000000070d000000|  0%| F|  |TAMS 0x000000070ce00000| PB 0x000000070ce00000| Untracked 
|  51|0x000000070d000000, 0x000000070d000000, 0x000000070d200000|  0%| F|  |TAMS 0x000000070d000000| PB 0x000000070d000000| Untracked 
|  52|0x000000070d200000, 0x000000070d200000, 0x000000070d400000|  0%| F|  |TAMS 0x000000070d200000| PB 0x000000070d200000| Untracked 
|  53|0x000000070d400000, 0x000000070d400000, 0x000000070d600000|  0%| F|  |TAMS 0x000000070d400000| PB 0x000000070d400000| Untracked 
|  54|0x000000070d600000, 0x000000070d600000, 0x000000070d800000|  0%| F|  |TAMS 0x000000070d600000| PB 0x000000070d600000| Untracked 
|  55|0x000000070d800000, 0x000000070d800000, 0x000000070da00000|  0%| F|  |TAMS 0x000000070d800000| PB 0x000000070d800000| Untracked 
|  56|0x000000070da00000, 0x000000070da00000, 0x000000070dc00000|  0%| F|  |TAMS 0x000000070da00000| PB 0x000000070da00000| Untracked 
|  57|0x000000070dc00000, 0x000000070dc00000, 0x000000070de00000|  0%| F|  |TAMS 0x000000070dc00000| PB 0x000000070dc00000| Untracked 
|  58|0x000000070de00000, 0x000000070de00000, 0x000000070e000000|  0%| F|  |TAMS 0x000000070de00000| PB 0x000000070de00000| Untracked 
|  59|0x000000070e000000, 0x000000070e000000, 0x000000070e200000|  0%| F|  |TAMS 0x000000070e000000| PB 0x000000070e000000| Untracked 
|  60|0x000000070e200000, 0x000000070e200000, 0x000000070e400000|  0%| F|  |TAMS 0x000000070e200000| PB 0x000000070e200000| Untracked 
|  61|0x000000070e400000, 0x000000070e400000, 0x000000070e600000|  0%| F|  |TAMS 0x000000070e400000| PB 0x000000070e400000| Untracked 
|  62|0x000000070e600000, 0x000000070e600000, 0x000000070e800000|  0%| F|  |TAMS 0x000000070e600000| PB 0x000000070e600000| Untracked 
|  63|0x000000070e800000, 0x000000070e800000, 0x000000070ea00000|  0%| F|  |TAMS 0x000000070e800000| PB 0x000000070e800000| Untracked 
|  64|0x000000070ea00000, 0x000000070ea00000, 0x000000070ec00000|  0%| F|  |TAMS 0x000000070ea00000| PB 0x000000070ea00000| Untracked 
|  65|0x000000070ec00000, 0x000000070ec00000, 0x000000070ee00000|  0%| F|  |TAMS 0x000000070ec00000| PB 0x000000070ec00000| Untracked 
|  66|0x000000070ee00000, 0x000000070ee00000, 0x000000070f000000|  0%| F|  |TAMS 0x000000070ee00000| PB 0x000000070ee00000| Untracked 
|  67|0x000000070f000000, 0x000000070f000000, 0x000000070f200000|  0%| F|  |TAMS 0x000000070f000000| PB 0x000000070f000000| Untracked 
|  68|0x000000070f200000, 0x000000070f200000, 0x000000070f400000|  0%| F|  |TAMS 0x000000070f200000| PB 0x000000070f200000| Untracked 
|  69|0x000000070f400000, 0x000000070f400000, 0x000000070f600000|  0%| F|  |TAMS 0x000000070f400000| PB 0x000000070f400000| Untracked 
|  70|0x000000070f600000, 0x000000070f600000, 0x000000070f800000|  0%| F|  |TAMS 0x000000070f600000| PB 0x000000070f600000| Untracked 
|  71|0x000000070f800000, 0x000000070f800000, 0x000000070fa00000|  0%| F|  |TAMS 0x000000070f800000| PB 0x000000070f800000| Untracked 
|  72|0x000000070fa00000, 0x000000070fa00000, 0x000000070fc00000|  0%| F|  |TAMS 0x000000070fa00000| PB 0x000000070fa00000| Untracked 
|  73|0x000000070fc00000, 0x000000070fc00000, 0x000000070fe00000|  0%| F|  |TAMS 0x000000070fc00000| PB 0x000000070fc00000| Untracked 
|  74|0x000000070fe00000, 0x000000070fe00000, 0x0000000710000000|  0%| F|  |TAMS 0x000000070fe00000| PB 0x000000070fe00000| Untracked 
|  75|0x0000000710000000, 0x0000000710000000, 0x0000000710200000|  0%| F|  |TAMS 0x0000000710000000| PB 0x0000000710000000| Untracked 
|  76|0x0000000710200000, 0x0000000710200000, 0x0000000710400000|  0%| F|  |TAMS 0x0000000710200000| PB 0x0000000710200000| Untracked 
|  77|0x0000000710400000, 0x0000000710400000, 0x0000000710600000|  0%| F|  |TAMS 0x0000000710400000| PB 0x0000000710400000| Untracked 
|  78|0x0000000710600000, 0x0000000710600000, 0x0000000710800000|  0%| F|  |TAMS 0x0000000710600000| PB 0x0000000710600000| Untracked 
|  79|0x0000000710800000, 0x0000000710800000, 0x0000000710a00000|  0%| F|  |TAMS 0x0000000710800000| PB 0x0000000710800000| Untracked 
|  80|0x0000000710a00000, 0x0000000710a00000, 0x0000000710c00000|  0%| F|  |TAMS 0x0000000710a00000| PB 0x0000000710a00000| Untracked 
|  81|0x0000000710c00000, 0x0000000710c00000, 0x0000000710e00000|  0%| F|  |TAMS 0x0000000710c00000| PB 0x0000000710c00000| Untracked 
|  82|0x0000000710e00000, 0x0000000710e00000, 0x0000000711000000|  0%| F|  |TAMS 0x0000000710e00000| PB 0x0000000710e00000| Untracked 
|  83|0x0000000711000000, 0x0000000711000000, 0x0000000711200000|  0%| F|  |TAMS 0x0000000711000000| PB 0x0000000711000000| Untracked 
|  84|0x0000000711200000, 0x0000000711200000, 0x0000000711400000|  0%| F|  |TAMS 0x0000000711200000| PB 0x0000000711200000| Untracked 
|  85|0x0000000711400000, 0x0000000711400000, 0x0000000711600000|  0%| F|  |TAMS 0x0000000711400000| PB 0x0000000711400000| Untracked 
|  86|0x0000000711600000, 0x0000000711600000, 0x0000000711800000|  0%| F|  |TAMS 0x0000000711600000| PB 0x0000000711600000| Untracked 
|  87|0x0000000711800000, 0x0000000711800000, 0x0000000711a00000|  0%| F|  |TAMS 0x0000000711800000| PB 0x0000000711800000| Untracked 
|  88|0x0000000711a00000, 0x0000000711a00000, 0x0000000711c00000|  0%| F|  |TAMS 0x0000000711a00000| PB 0x0000000711a00000| Untracked 
|  89|0x0000000711c00000, 0x0000000711c00000, 0x0000000711e00000|  0%| F|  |TAMS 0x0000000711c00000| PB 0x0000000711c00000| Untracked 
|  90|0x0000000711e00000, 0x0000000711e00000, 0x0000000712000000|  0%| F|  |TAMS 0x0000000711e00000| PB 0x0000000711e00000| Untracked 
|  91|0x0000000712000000, 0x0000000712000000, 0x0000000712200000|  0%| F|  |TAMS 0x0000000712000000| PB 0x0000000712000000| Untracked 
|  92|0x0000000712200000, 0x0000000712200000, 0x0000000712400000|  0%| F|  |TAMS 0x0000000712200000| PB 0x0000000712200000| Untracked 
|  93|0x0000000712400000, 0x0000000712400000, 0x0000000712600000|  0%| F|  |TAMS 0x0000000712400000| PB 0x0000000712400000| Untracked 
|  94|0x0000000712600000, 0x0000000712600000, 0x0000000712800000|  0%| F|  |TAMS 0x0000000712600000| PB 0x0000000712600000| Untracked 
|  95|0x0000000712800000, 0x0000000712800000, 0x0000000712a00000|  0%| F|  |TAMS 0x0000000712800000| PB 0x0000000712800000| Untracked 
|  96|0x0000000712a00000, 0x0000000712a00000, 0x0000000712c00000|  0%| F|  |TAMS 0x0000000712a00000| PB 0x0000000712a00000| Untracked 
|  97|0x0000000712c00000, 0x0000000712c00000, 0x0000000712e00000|  0%| F|  |TAMS 0x0000000712c00000| PB 0x0000000712c00000| Untracked 
|  98|0x0000000712e00000, 0x0000000712e00000, 0x0000000713000000|  0%| F|  |TAMS 0x0000000712e00000| PB 0x0000000712e00000| Untracked 
|  99|0x0000000713000000, 0x0000000713000000, 0x0000000713200000|  0%| F|  |TAMS 0x0000000713000000| PB 0x0000000713000000| Untracked 
| 100|0x0000000713200000, 0x0000000713200000, 0x0000000713400000|  0%| F|  |TAMS 0x0000000713200000| PB 0x0000000713200000| Untracked 
| 101|0x0000000713400000, 0x0000000713400000, 0x0000000713600000|  0%| F|  |TAMS 0x0000000713400000| PB 0x0000000713400000| Untracked 
| 102|0x0000000713600000, 0x0000000713600000, 0x0000000713800000|  0%| F|  |TAMS 0x0000000713600000| PB 0x0000000713600000| Untracked 
| 103|0x0000000713800000, 0x0000000713800000, 0x0000000713a00000|  0%| F|  |TAMS 0x0000000713800000| PB 0x0000000713800000| Untracked 
| 104|0x0000000713a00000, 0x0000000713a00000, 0x0000000713c00000|  0%| F|  |TAMS 0x0000000713a00000| PB 0x0000000713a00000| Untracked 
| 105|0x0000000713c00000, 0x0000000713c00000, 0x0000000713e00000|  0%| F|  |TAMS 0x0000000713c00000| PB 0x0000000713c00000| Untracked 
| 106|0x0000000713e00000, 0x0000000713e00000, 0x0000000714000000|  0%| F|  |TAMS 0x0000000713e00000| PB 0x0000000713e00000| Untracked 
| 107|0x0000000714000000, 0x0000000714000000, 0x0000000714200000|  0%| F|  |TAMS 0x0000000714000000| PB 0x0000000714000000| Untracked 
| 108|0x0000000714200000, 0x0000000714200000, 0x0000000714400000|  0%| F|  |TAMS 0x0000000714200000| PB 0x0000000714200000| Untracked 
| 109|0x0000000714400000, 0x0000000714400000, 0x0000000714600000|  0%| F|  |TAMS 0x0000000714400000| PB 0x0000000714400000| Untracked 
| 110|0x0000000714600000, 0x0000000714600000, 0x0000000714800000|  0%| F|  |TAMS 0x0000000714600000| PB 0x0000000714600000| Untracked 
| 111|0x0000000714800000, 0x0000000714800000, 0x0000000714a00000|  0%| F|  |TAMS 0x0000000714800000| PB 0x0000000714800000| Untracked 
| 112|0x0000000714a00000, 0x0000000714a00000, 0x0000000714c00000|  0%| F|  |TAMS 0x0000000714a00000| PB 0x0000000714a00000| Untracked 
| 113|0x0000000714c00000, 0x0000000714c00000, 0x0000000714e00000|  0%| F|  |TAMS 0x0000000714c00000| PB 0x0000000714c00000| Untracked 
| 114|0x0000000714e00000, 0x0000000714e00000, 0x0000000715000000|  0%| F|  |TAMS 0x0000000714e00000| PB 0x0000000714e00000| Untracked 
| 115|0x0000000715000000, 0x0000000715000000, 0x0000000715200000|  0%| F|  |TAMS 0x0000000715000000| PB 0x0000000715000000| Untracked 
| 116|0x0000000715200000, 0x0000000715200000, 0x0000000715400000|  0%| F|  |TAMS 0x0000000715200000| PB 0x0000000715200000| Untracked 
| 117|0x0000000715400000, 0x0000000715400000, 0x0000000715600000|  0%| F|  |TAMS 0x0000000715400000| PB 0x0000000715400000| Untracked 
| 118|0x0000000715600000, 0x0000000715600000, 0x0000000715800000|  0%| F|  |TAMS 0x0000000715600000| PB 0x0000000715600000| Untracked 
| 119|0x0000000715800000, 0x0000000715800000, 0x0000000715a00000|  0%| F|  |TAMS 0x0000000715800000| PB 0x0000000715800000| Untracked 
| 120|0x0000000715a00000, 0x0000000715a00000, 0x0000000715c00000|  0%| F|  |TAMS 0x0000000715a00000| PB 0x0000000715a00000| Untracked 
| 121|0x0000000715c00000, 0x0000000715c00000, 0x0000000715e00000|  0%| F|  |TAMS 0x0000000715c00000| PB 0x0000000715c00000| Untracked 
| 122|0x0000000715e00000, 0x0000000715e86808, 0x0000000716000000| 26%| E|  |TAMS 0x0000000715e00000| PB 0x0000000715e00000| Complete 
| 123|0x0000000716000000, 0x0000000716200000, 0x0000000716200000|100%| E|CS|TAMS 0x0000000716000000| PB 0x0000000716000000| Complete 
| 124|0x0000000716200000, 0x0000000716400000, 0x0000000716400000|100%| E|CS|TAMS 0x0000000716200000| PB 0x0000000716200000| Complete 
|1994|0x00000007ffe00000, 0x00000007fff079d8, 0x0000000800000000| 51%| O|  |TAMS 0x00000007ffe00000| PB 0x00000007ffe00000| Untracked 

Card table byte_map: [0x00007d8c00c00000,0x00007d8c013cb000] _byte_map_base: 0x00007d8bfd3cb000

Marking Bits: (CMBitMap*) 0x00007d8bfc0828b0
 Bits: [0x00007d8be0800000, 0x00007d8be4658000)

Polling page: 0x00007d8c03ff8000

Metaspace:

Usage:
  Non-class:      2.31 MB used.
      Class:    189.29 KB used.
       Both:      2.49 MB used.

Virtual space:
  Non-class space:       64.00 MB reserved,       2.38 MB (  4%) committed,  1 nodes.
      Class space:        1.00 GB reserved,     256.00 KB ( <1%) committed,  1 nodes.
             Both:        1.06 GB reserved,       2.62 MB ( <1%) committed. 

Chunk freelists:
   Non-Class:  11.03 MB
       Class:  15.66 MB
        Both:  26.69 MB

MaxMetaspaceSize: unlimited
CompressedClassSpaceSize: 1.00 GB
Initial GC threshold: 21.00 MB
Current GC threshold: 21.00 MB
CDS: on
 - commit_granule_bytes: 65536.
 - commit_granule_words: 8192.
 - virtual_space_node_default_size: 8388608.
 - enlarge_chunks_in_place: 1.
 - use_allocation_guard: 0.


Internal statistics:

num_allocs_failed_limit: 0.
num_arena_births: 78.
num_arena_deaths: 0.
num_vsnodes_births: 2.
num_vsnodes_deaths: 0.
num_space_committed: 42.
num_space_uncommitted: 0.
num_chunks_returned_to_freelist: 0.
num_chunks_taken_from_freelist: 136.
num_chunk_merges: 0.
num_chunk_splits: 87.
num_chunks_enlarged: 57.
num_inconsistent_stats: 0.

CodeHeap 'non-profiled nmethods': size=120032Kb used=163Kb max_used=163Kb free=119868Kb
 bounds [0x00007d8bec2c8000, 0x00007d8bec538000, 0x00007d8bf3800000]
CodeHeap 'profiled nmethods': size=120028Kb used=812Kb max_used=812Kb free=119215Kb
 bounds [0x00007d8be4800000, 0x00007d8be4a70000, 0x00007d8bebd37000]
CodeHeap 'non-nmethods': size=5700Kb used=1993Kb max_used=1993Kb free=3706Kb
 bounds [0x00007d8bebd37000, 0x00007d8bebfa7000, 0x00007d8bec2c8000]
 total_blobs=1547 nmethods=535 adapters=918
 compilation: enabled
              stopped_count=0, restarted_count=0
 full_count=0

Compilation events (20 events):
Event: 0.294 Thread 0x00007d8bfc161e20 nmethod 527 0x00007d8be48c9710 code [0x00007d8be48c98a0, 0x00007d8be48c9998]
Event: 0.294 Thread 0x00007d8bfc161e20  529       3       org.lwjgl.system.MemoryUtil::write8 (19 bytes)
Event: 0.294 Thread 0x00007d8bfc161e20 nmethod 529 0x00007d8be48c9a10 code [0x00007d8be48c9bc0, 0x00007d8be48c9df8]
Event: 0.294 Thread 0x00007d8bfc161e20  530       3       sun.misc.Unsafe::putByte (11 bytes)
Event: 0.294 Thread 0x00007d8bfc161e20 nmethod 530 0x00007d8be48c9f10 code [0x00007d8be48ca0a0, 0x00007d8be48ca1a8]
Event: 0.294 Thread 0x00007d8bfc161e20  532       3       sun.misc.Unsafe::putInt (11 bytes)
Event: 0.295 Thread 0x00007d8bfc161e20 nmethod 532 0x00007d8be48ca210 code [0x00007d8be48ca3a0, 0x00007d8be48ca4a8]
Event: 0.295 Thread 0x00007d8bfc161e20  533       3       org.lwjgl.system.MemoryUtil::encodeASCIIUnsafe (53 bytes)
Event: 0.295 Thread 0x00007d8bfc161e20 nmethod 533 0x00007d8be48ca510 code [0x00007d8be48ca6e0, 0x00007d8be48caad0]
Event: 0.295 Thread 0x00007d8bfc161e20  534       1       org.lwjgl.system.Pointer$Default::address (5 bytes)
Event: 0.295 Thread 0x00007d8bfc161e20 nmethod 534 0x00007d8bec2eee90 code [0x00007d8bec2ef020, 0x00007d8bec2ef0e0]
Event: 0.301 Thread 0x00007d8bfc160750 nmethod 470 0x00007d8bec2ef190 code [0x00007d8bec2ef360, 0x00007d8bec2effb8]
Event: 0.301 Thread 0x00007d8bfc160750  503       4       java.util.Objects::requireNonNull (14 bytes)
Event: 0.301 Thread 0x00007d8bfc160750 nmethod 503 0x00007d8bec2f0410 code [0x00007d8bec2f0580, 0x00007d8bec2f0608]
Event: 0.301 Thread 0x00007d8bfc160750  471       4       sun.security.provider.SHA::implCompress (13 bytes)
Event: 0.302 Thread 0x00007d8bfc160750 nmethod 471 0x00007d8bec2f0710 code [0x00007d8bec2f08a0, 0x00007d8bec2f09d8]
Event: 0.302 Thread 0x00007d8bfc160750  499       4       java.lang.invoke.MemberName::getReferenceKind (12 bytes)
Event: 0.302 Thread 0x00007d8bfc160750 nmethod 499 0x00007d8bec2f0b10 code [0x00007d8bec2f0c80, 0x00007d8bec2f0d10]
Event: 0.302 Thread 0x00007d8bfc161e20  535       3       java.lang.StringConcatHelper::prepend (37 bytes)
Event: 0.303 Thread 0x00007d8bfc161e20 nmethod 535 0x00007d8be48cac90 code [0x00007d8be48cae60, 0x00007d8be48cb128]

GC Heap History (0 events):
No events

Dll operation events (7 events):
Event: 0.002 Loaded shared library /usr/lib/jvm/java-21-openjdk-amd64/lib/libjava.so
Event: 0.029 Loaded shared library /usr/lib/jvm/java-21-openjdk-amd64/lib/libjsvml.so
Event: 0.045 Loaded shared library /usr/lib/jvm/java-21-openjdk-amd64/lib/libnio.so
Event: 0.050 Loaded shared library /usr/lib/jvm/java-21-openjdk-amd64/lib/libzip.so
Event: 0.177 Loaded shared library /usr/lib/jvm/java-21-openjdk-amd64/lib/libjimage.so
Event: 0.182 Loaded shared library /usr/lib/jvm/java-21-openjdk-amd64/lib/libnet.so
Event: 0.189 Loaded shared library /tmp/lwjgl_yaseen/3.3.4+7/x64/liblwjgl.so

Deoptimization events (20 events):
Event: 0.283 Thread 0x00007d8bfc01a410 DEOPT PACKING pc=0x00007d8be4880443 sp=0x00007d8c025fd7b0
Event: 0.283 Thread 0x00007d8bfc01a410 DEOPT UNPACKING pc=0x00007d8bebd8b72f sp=0x00007d8c025fcc68 mode 0
Event: 0.283 Thread 0x00007d8bfc01a410 DEOPT PACKING pc=0x00007d8be4880443 sp=0x00007d8c025fd7b0
Event: 0.283 Thread 0x00007d8bfc01a410 DEOPT UNPACKING pc=0x00007d8bebd8b72f sp=0x00007d8c025fcc68 mode 0
Event: 0.284 Thread 0x00007d8bfc01a410 DEOPT PACKING pc=0x00007d8be4880443 sp=0x00007d8c025fd7d0
Event: 0.284 Thread 0x00007d8bfc01a410 DEOPT UNPACKING pc=0x00007d8bebd8b72f sp=0x00007d8c025fcc88 mode 0
Event: 0.284 Thread 0x00007d8bfc01a410 DEOPT PACKING pc=0x00007d8be4880443 sp=0x00007d8c025fd7d0
Event: 0.284 Thread 0x00007d8bfc01a410 DEOPT UNPACKING pc=0x00007d8bebd8b72f sp=0x00007d8c025fcc88 mode 0
Event: 0.284 Thread 0x00007d8bfc01a410 DEOPT PACKING pc=0x00007d8be4880443 sp=0x00007d8c025fd7d0
Event: 0.284 Thread 0x00007d8bfc01a410 DEOPT UNPACKING pc=0x00007d8bebd8b72f sp=0x00007d8c025fcc88 mode 0
Event: 0.284 Thread 0x00007d8bfc01a410 DEOPT PACKING pc=0x00007d8be4880443 sp=0x00007d8c025fd7d0
Event: 0.284 Thread 0x00007d8bfc01a410 DEOPT UNPACKING pc=0x00007d8bebd8b72f sp=0x00007d8c025fcc88 mode 0
Event: 0.284 Thread 0x00007d8bfc01a410 DEOPT PACKING pc=0x00007d8be4880443 sp=0x00007d8c025fd7d0
Event: 0.284 Thread 0x00007d8bfc01a410 DEOPT UNPACKING pc=0x00007d8bebd8b72f sp=0x00007d8c025fcc88 mode 0
Event: 0.285 Thread 0x00007d8bfc01a410 DEOPT PACKING pc=0x00007d8be4880443 sp=0x00007d8c025fd7d0
Event: 0.285 Thread 0x00007d8bfc01a410 DEOPT UNPACKING pc=0x00007d8bebd8b72f sp=0x00007d8c025fcc88 mode 0
Event: 0.285 Thread 0x00007d8bfc01a410 DEOPT PACKING pc=0x00007d8be4880443 sp=0x00007d8c025fd7d0
Event: 0.285 Thread 0x00007d8bfc01a410 DEOPT UNPACKING pc=0x00007d8bebd8b72f sp=0x00007d8c025fcc88 mode 0
Event: 0.285 Thread 0x00007d8bfc01a410 DEOPT PACKING pc=0x00007d8be4880443 sp=0x00007d8c025fd7d0
Event: 0.285 Thread 0x00007d8bfc01a410 DEOPT UNPACKING pc=0x00007d8bebd8b72f sp=0x00007d8c025fcc88 mode 0

Classes loaded (20 events):
Event: 0.240 Loading class java/nio/DirectDoubleBufferU
Event: 0.240 Loading class java/nio/DirectDoubleBufferU done
Event: 0.240 Loading class sun/misc/Unsafe
Event: 0.241 Loading class sun/misc/Unsafe done
Event: 0.241 Loading class java/lang/invoke/DirectMethodHandle$StaticAccessor
Event: 0.241 Loading class java/lang/invoke/DirectMethodHandle$StaticAccessor done
Event: 0.244 Loading class java/util/function/LongPredicate
Event: 0.244 Loading class java/util/function/LongPredicate done
Event: 0.246 Loading class java/lang/foreign/MemorySegment
Event: 0.246 Loading class java/lang/foreign/MemorySegment done
Event: 0.250 Loading class java/nio/InvalidMarkException
Event: 0.250 Loading class java/nio/InvalidMarkException done
Event: 0.250 Loading class java/nio/BufferUnderflowException
Event: 0.250 Loading class java/nio/BufferUnderflowException done
Event: 0.258 Loading class java/util/Formatter$FixedString
Event: 0.258 Loading class java/util/Formatter$FixedString done
Event: 0.273 Loading class java/lang/NoSuchFieldError
Event: 0.273 Loading class java/lang/NoSuchFieldError done
Event: 0.285 Loading class jdk/internal/reflect/MethodHandleIntegerFieldAccessorImpl
Event: 0.285 Loading class jdk/internal/reflect/MethodHandleIntegerFieldAccessorImpl done

Classes unloaded (0 events):
No events

Classes redefined (0 events):
No events

Internal exceptions (16 events):
Event: 0.167 Thread 0x00007d8bfc01a410 Exception <a 'java/lang/NoSuchMethodError'{0x00000007160439b8}: 'void java.lang.invoke.DirectMethodHandle$Holder.invokeStatic(java.lang.Object, java.lang.Object)'> (0x00000007160439b8) 
thrown [./src/hotspot/share/interpreter/linkResolver.cpp, line 772]
Event: 0.168 Thread 0x00007d8bfc01a410 Exception <a 'java/lang/NoSuchMethodError'{0x0000000716048a80}: 'void java.lang.System.load(java.lang.String, java.lang.Class)'> (0x0000000716048a80) 
thrown [./src/hotspot/share/interpreter/linkResolver.cpp, line 772]
Event: 0.168 Thread 0x00007d8bfc01a410 Exception <a 'java/lang/NoSuchMethodError'{0x0000000716049750}: 'void java.lang.invoke.DirectMethodHandle$Holder.invokeSpecial(java.lang.Object, java.lang.Object, java.lang.Object)'> (0x0000000716049750) 
thrown [./src/hotspot/share/interpreter/linkResolver.cpp, line 772]
Event: 0.170 Thread 0x00007d8bfc01a410 Exception <a 'java/lang/NoSuchMethodError'{0x0000000716056e40}: 'java.lang.Object java.lang.invoke.DirectMethodHandle$Holder.invokeStatic(java.lang.Object, java.lang.Object, int)'> (0x0000000716056e40) 
thrown [./src/hotspot/share/interpreter/linkResolver.cpp, line 772]
Event: 0.171 Thread 0x00007d8bfc01a410 Exception <a 'java/lang/NoSuchMethodError'{0x0000000716062588}: 'void java.lang.invoke.DelegatingMethodHandle$Holder.delegate(java.lang.Object, java.lang.Object, int, java.lang.Object)'> (0x0000000716062588) 
thrown [./src/hotspot/share/interpreter/linkResolver.cpp, line 772]
Event: 0.172 Thread 0x00007d8bfc01a410 Exception <a 'java/lang/NoSuchMethodError'{0x0000000716066570}: 'int java.lang.invoke.DirectMethodHandle$Holder.invokeSpecial(java.lang.Object, java.lang.Object, java.lang.Object)'> (0x0000000716066570) 
thrown [./src/hotspot/share/interpreter/linkResolver.cpp, line 772]
Event: 0.175 Thread 0x00007d8bfc01a410 Exception <a 'java/lang/NoSuchMethodError'{0x000000071607f9b0}: 'void java.lang.System.loadLibrary(java.lang.String, java.lang.Class)'> (0x000000071607f9b0) 
thrown [./src/hotspot/share/interpreter/linkResolver.cpp, line 772]
Event: 0.193 Thread 0x00007d8bfc01a410 Exception <a 'sun/nio/fs/UnixException'{0x00000007160aff60}> (0x00000007160aff60) 
thrown [./src/hotspot/share/prims/jni.cpp, line 520]
Event: 0.245 Thread 0x00007d8bfc01a410 Exception <a 'java/lang/NoSuchMethodError'{0x00000007161475d0}: 'int java.lang.invoke.DirectMethodHandle$Holder.invokeStaticInit(java.lang.Object, java.lang.Object, int, long)'> (0x00000007161475d0) 
thrown [./src/hotspot/share/interpreter/linkResolver.cpp, line 772]
Event: 0.245 Thread 0x00007d8bfc01a410 Exception <a 'java/lang/NoSuchMethodError'{0x000000071614c6d8}: 'java.lang.Object java.lang.invoke.DirectMethodHandle$Holder.newInvokeSpecial(java.lang.Object, java.lang.Object, int)'> (0x000000071614c6d8) 
thrown [./src/hotspot/share/interpreter/linkResolver.cpp, line 772]
Event: 0.247 Thread 0x00007d8bfc01a410 Exception <a 'java/lang/NoSuchMethodError'{0x000000071615bc18}: 'int java.lang.invoke.DirectMethodHandle$Holder.invokeStaticInit(java.lang.Object, java.lang.Object, long, long)'> (0x000000071615bc18) 
thrown [./src/hotspot/share/interpreter/linkResolver.cpp, line 772]
Event: 0.248 Thread 0x00007d8bfc01a410 Exception <a 'java/lang/NoSuchMethodError'{0x0000000716161248}: 'java.lang.Object java.lang.invoke.DirectMethodHandle$Holder.newInvokeSpecial(java.lang.Object, java.lang.Object, long)'> (0x0000000716161248) 
thrown [./src/hotspot/share/interpreter/linkResolver.cpp, line 772]
Event: 0.248 Thread 0x00007d8bfc01a410 Exception <a 'java/lang/NoSuchMethodError'{0x00000007161648e0}: 'java.lang.Object java.lang.invoke.Invokers$Holder.linkToTargetMethod(java.lang.Object, long, java.lang.Object)'> (0x00000007161648e0) 
thrown [./src/hotspot/share/interpreter/linkResolver.cpp, line 772]
Event: 0.249 Thread 0x00007d8bfc01a410 Exception <a 'java/lang/NoSuchMethodError'{0x000000071616b9d8}: 'int java.lang.invoke.DirectMethodHandle$Holder.invokeStaticInit(java.lang.Object, java.lang.Object, java.lang.Object, long)'> (0x000000071616b9d8) 
thrown [./src/hotspot/share/interpreter/linkResolver.cpp, line 772]
Event: 0.272 Thread 0x00007d8bfc01a410 Exception <a 'sun/nio/fs/UnixException'{0x0000000715e1a2a8}> (0x0000000715e1a2a8) 
thrown [./src/hotspot/share/prims/jni.cpp, line 520]
Event: 0.285 Thread 0x00007d8bfc01a410 Exception <a 'java/lang/NoSuchMethodError'{0x0000000715e2d7b0}: 'int java.lang.invoke.Invokers$Holder.invokeExact_MT(java.lang.Object, java.lang.Object)'> (0x0000000715e2d7b0) 
thrown [./src/hotspot/share/interpreter/linkResolver.cpp, line 772]

ZGC Phase Switch (0 events):
No events

VM Operations (2 events):
Event: 0.184 Executing VM operation: HandshakeAllThreads (Deoptimize)
Event: 0.184 Executing VM operation: HandshakeAllThreads (Deoptimize) done

Memory protections (10 events):
Event: 0.002 Protecting memory [0x00007d8c02500000,0x00007d8c02504000] with protection modes 0
Event: 0.025 Protecting memory [0x00007d8bfbf00000,0x00007d8bfbf04000] with protection modes 0
Event: 0.025 Protecting memory [0x00007d8be4700000,0x00007d8be4704000] with protection modes 0
Event: 0.028 Protecting memory [0x00007d8be0100000,0x00007d8be0104000] with protection modes 0
Event: 0.028 Protecting memory [0x00007d8be0000000,0x00007d8be0004000] with protection modes 0
Event: 0.028 Protecting memory [0x00007d8bd9f00000,0x00007d8bd9f04000] with protection modes 0
Event: 0.028 Protecting memory [0x00007d8bd9e00000,0x00007d8bd9e04000] with protection modes 0
Event: 0.030 Protecting memory [0x00007d8bd9d00000,0x00007d8bd9d04000] with protection modes 0
Event: 0.038 Protecting memory [0x00007d8bd9c00000,0x00007d8bd9c04000] with protection modes 0
Event: 0.039 Protecting memory [0x00007d8bd9b00000,0x00007d8bd9b04000] with protection modes 0

Nmethod flushes (0 events):
No events

Events (10 events):
Event: 0.016 Thread 0x00007d8bfc01a410 Thread added: 0x00007d8bfc01a410
Event: 0.025 Thread 0x00007d8bfc01a410 Thread added: 0x00007d8bfc158d80
Event: 0.025 Thread 0x00007d8bfc01a410 Thread added: 0x00007d8bfc15a530
Event: 0.028 Thread 0x00007d8bfc01a410 Thread added: 0x00007d8bfc15c000
Event: 0.028 Thread 0x00007d8bfc01a410 Thread added: 0x00007d8bfc15d650
Event: 0.028 Thread 0x00007d8bfc01a410 Thread added: 0x00007d8bfc15ec00
Event: 0.028 Thread 0x00007d8bfc01a410 Thread added: 0x00007d8bfc160750
Event: 0.029 Thread 0x00007d8bfc01a410 Thread added: 0x00007d8bfc161e20
Event: 0.038 Thread 0x00007d8bfc01a410 Thread added: 0x00007d8bfc170a80
Event: 0.039 Thread 0x00007d8bfc01a410 Thread added: 0x00007d8bfc174310


Dynamic libraries:
706a00000-716400000 rw-p 00000000 00:00 0 
716400000-7ffe00000 ---p 00000000 00:00 0 
7ffe00000-7fff08000 rw-p 00ced000 08:12 3540759                          /usr/lib/jvm/java-21-openjdk-amd64/lib/server/classes.jsa
7fff08000-800000000 rw-p 00000000 00:00 0 
65111ea48000-65111ea49000 r--p 00000000 08:12 3540674                    /usr/lib/jvm/java-21-openjdk-amd64/bin/java
65111ea49000-65111ea4a000 r-xp 00001000 08:12 3540674                    /usr/lib/jvm/java-21-openjdk-amd64/bin/java
65111ea4a000-65111ea4b000 r--p 00002000 08:12 3540674                    /usr/lib/jvm/java-21-openjdk-amd64/bin/java
65111ea4b000-65111ea4c000 r--p 00002000 08:12 3540674                    /usr/lib/jvm/java-21-openjdk-amd64/bin/java
65111ea4c000-65111ea4d000 rw-p 00003000 08:12 3540674                    /usr/lib/jvm/java-21-openjdk-amd64/bin/java
65111f743000-65111f78b000 rw-p 00000000 00:00 0                          [heap]
7d8b3c000000-7d8b3c021000 rw-p 00000000 00:00 0 
7d8b3c021000-7d8b40000000 ---p 00000000 00:00 0 
7d8b40000000-7d8b40021000 rw-p 00000000 00:00 0 
7d8b40021000-7d8b44000000 ---p 00000000 00:00 0 
7d8b48000000-7d8b48295000 rw-p 00000000 00:00 0 
7d8b48295000-7d8b4c000000 ---p 00000000 00:00 0 
7d8b4c000000-7d8b4c268000 rw-p 00000000 00:00 0 
7d8b4c268000-7d8b50000000 ---p 00000000 00:00 0 
7d8b54000000-7d8b54021000 rw-p 00000000 00:00 0 
7d8b54021000-7d8b58000000 ---p 00000000 00:00 0 
7d8b58000000-7d8b58021000 rw-p 00000000 00:00 0 
7d8b58021000-7d8b5c000000 ---p 00000000 00:00 0 
7d8b60000000-7d8b60021000 rw-p 00000000 00:00 0 
7d8b60021000-7d8b64000000 ---p 00000000 00:00 0 
7d8b64000000-7d8b64021000 rw-p 00000000 00:00 0 
7d8b64021000-7d8b68000000 ---p 00000000 00:00 0 
7d8b6c000000-7d8b6c021000 rw-p 00000000 00:00 0 
7d8b6c021000-7d8b70000000 ---p 00000000 00:00 0 
7d8b70000000-7d8b70021000 rw-p 00000000 00:00 0 
7d8b70021000-7d8b74000000 ---p 00000000 00:00 0 
7d8b78000000-7d8b78160000 rw-p 00000000 00:00 0 
7d8b78160000-7d8b78400000 ---p 00000000 00:00 0 
7d8b78400000-7d8b78500000 rw-p 00000000 00:00 0 
7d8b78500000-7d8b7c000000 ---p 00000000 00:00 0 
7d8b7c000000-7d8b7c021000 rw-p 00000000 00:00 0 
7d8b7c021000-7d8b80000000 ---p 00000000 00:00 0 
7d8b83000000-7d8b83cae000 rw-p 00001000 08:12 3540759                    /usr/lib/jvm/java-21-openjdk-amd64/lib/server/classes.jsa
7d8b83cae000-7d8b84000000 ---p 00000000 00:00 0 
7d8b84000000-7d8b84020000 rw-p 00000000 00:00 0 
7d8b84020000-7d8b84040000 ---p 00000000 00:00 0 
7d8b84040000-7d8b84060000 rw-p 00000000 00:00 0 
7d8b84060000-7d8bc4000000 ---p 00000000 00:00 0 
7d8bc4000000-7d8bc4021000 rw-p 00000000 00:00 0 
7d8bc4021000-7d8bc8000000 ---p 00000000 00:00 0 
7d8bc8000000-7d8bc8021000 rw-p 00000000 00:00 0 
7d8bc8021000-7d8bcc000000 ---p 00000000 00:00 0 
7d8bd0000000-7d8bd0021000 rw-p 00000000 00:00 0 
7d8bd0021000-7d8bd4000000 ---p 00000000 00:00 0 
7d8bd4000000-7d8bd4021000 rw-p 00000000 00:00 0 
7d8bd4021000-7d8bd8000000 ---p 00000000 00:00 0 
7d8bd99c3000-7d8bd99dc000 r--p 00000000 08:12 3025846                    /usr/lib/x86_64-linux-gnu/libX11.so.6.4.0
7d8bd99dc000-7d8bd9a6c000 r-xp 00019000 08:12 3025846                    /usr/lib/x86_64-linux-gnu/libX11.so.6.4.0
7d8bd9a6c000-7d8bd9afb000 r--p 000a9000 08:12 3025846                    /usr/lib/x86_64-linux-gnu/libX11.so.6.4.0
7d8bd9afb000-7d8bd9afc000 r--p 00138000 08:12 3025846                    /usr/lib/x86_64-linux-gnu/libX11.so.6.4.0
7d8bd9afc000-7d8bd9b00000 rw-p 00139000 08:12 3025846                    /usr/lib/x86_64-linux-gnu/libX11.so.6.4.0
7d8bd9b00000-7d8bd9b04000 ---p 00000000 00:00 0 
7d8bd9b04000-7d8bd9c00000 rw-p 00000000 00:00 0 
7d8bd9c00000-7d8bd9c04000 ---p 00000000 00:00 0 
7d8bd9c04000-7d8bd9d00000 rw-p 00000000 00:00 0 
7d8bd9d00000-7d8bd9d04000 ---p 00000000 00:00 0 
7d8bd9d04000-7d8bd9e00000 rw-p 00000000 00:00 0 
7d8bd9e00000-7d8bd9e04000 ---p 00000000 00:00 0 
7d8bd9e04000-7d8bd9f00000 rw-p 00000000 00:00 0 
7d8bd9f00000-7d8bd9f04000 ---p 00000000 00:00 0 
7d8bd9f04000-7d8bda000000 rw-p 00000000 00:00 0 
7d8bda000000-7d8bdc021000 rw-p 00000000 00:00 0 
7d8bdc021000-7d8be0004000 ---p 00000000 00:00 0 
7d8be0004000-7d8be0100000 rw-p 00000000 00:00 0 
7d8be0100000-7d8be0104000 ---p 00000000 00:00 0 
7d8be0104000-7d8be0200000 rw-p 00000000 00:00 0 
7d8be0200000-7d8be0775000 r--p 00000000 08:12 3014736                    /usr/lib/locale/locale-archive
7d8be0800000-7d8be0be8000 rw-p 00000000 00:00 0 
7d8be0be8000-7d8be4650000 ---p 00000000 00:00 0 
7d8be4650000-7d8be4658000 rw-p 00000000 00:00 0 
7d8be4671000-7d8be4680000 r--p 00000000 08:12 2510759                    /tmp/lwjgl_yaseen/3.3.4+7/x64/libglfw.so
7d8be4680000-7d8be46a1000 r-xp 0000f000 08:12 2510759                    /tmp/lwjgl_yaseen/3.3.4+7/x64/libglfw.so
7d8be46a1000-7d8be46d5000 r--p 00030000 08:12 2510759                    /tmp/lwjgl_yaseen/3.3.4+7/x64/libglfw.so
7d8be46d5000-7d8be46d6000 ---p 00064000 08:12 2510759                    /tmp/lwjgl_yaseen/3.3.4+7/x64/libglfw.so
7d8be46d6000-7d8be46da000 r--p 00064000 08:12 2510759                    /tmp/lwjgl_yaseen/3.3.4+7/x64/libglfw.so
7d8be46da000-7d8be46dd000 rw-p 00068000 08:12 2510759                    /tmp/lwjgl_yaseen/3.3.4+7/x64/libglfw.so
7d8be46dd000-7d8be4700000 rw-p 00000000 00:00 0 
7d8be4700000-7d8be4704000 ---p 00000000 00:00 0 
7d8be4704000-7d8be4800000 rw-p 00000000 00:00 0 
7d8be4800000-7d8be4a70000 rwxp 00000000 00:00 0 
7d8be4a70000-7d8bebd37000 ---p 00000000 00:00 0 
7d8bebd37000-7d8bebfa7000 rwxp 00000000 00:00 0 
7d8bebfa7000-7d8bec2c8000 ---p 00000000 00:00 0 
7d8bec2c8000-7d8bec538000 rwxp 00000000 00:00 0 
7d8bec538000-7d8bf3800000 ---p 00000000 00:00 0 
7d8bf3800000-7d8bfbe02000 r--s 00000000 08:12 3540758                    /usr/lib/jvm/java-21-openjdk-amd64/lib/modules
7d8bfbe67000-7d8bfbe68000 r--p 00000000 08:12 3025845                    /usr/lib/x86_64-linux-gnu/libX11-xcb.so.1.0.0
7d8bfbe68000-7d8bfbe69000 r-xp 00001000 08:12 3025845                    /usr/lib/x86_64-linux-gnu/libX11-xcb.so.1.0.0
7d8bfbe69000-7d8bfbe6a000 r--p 00002000 08:12 3025845                    /usr/lib/x86_64-linux-gnu/libX11-xcb.so.1.0.0
7d8bfbe6a000-7d8bfbe6b000 r--p 00002000 08:12 3025845                    /usr/lib/x86_64-linux-gnu/libX11-xcb.so.1.0.0
7d8bfbe6b000-7d8bfbe6c000 rw-p 00003000 08:12 3025845                    /usr/lib/x86_64-linux-gnu/libX11-xcb.so.1.0.0
7d8bfbe6c000-7d8bfbe6d000 r--p 00000000 08:12 3025859                    /usr/lib/x86_64-linux-gnu/libXinerama.so.1.0.0
7d8bfbe6d000-7d8bfbe6e000 r-xp 00001000 08:12 3025859                    /usr/lib/x86_64-linux-gnu/libXinerama.so.1.0.0
7d8bfbe6e000-7d8bfbe6f000 r--p 00002000 08:12 3025859                    /usr/lib/x86_64-linux-gnu/libXinerama.so.1.0.0
7d8bfbe6f000-7d8bfbe70000 r--p 00002000 08:12 3025859                    /usr/lib/x86_64-linux-gnu/libXinerama.so.1.0.0
7d8bfbe70000-7d8bfbe71000 rw-p 00003000 08:12 3025859                    /usr/lib/x86_64-linux-gnu/libXinerama.so.1.0.0
7d8bfbe71000-7d8bfbe73000 r--p 00000000 08:12 3025851                    /usr/lib/x86_64-linux-gnu/libXcursor.so.1.0.2
7d8bfbe73000-7d8bfbe79000 r-xp 00002000 08:12 3025851                    /usr/lib/x86_64-linux-gnu/libXcursor.so.1.0.2
7d8bfbe79000-7d8bfbe7b000 r--p 00008000 08:12 3025851                    /usr/lib/x86_64-linux-gnu/libXcursor.so.1.0.2
7d8bfbe7b000-7d8bfbe7c000 r--p 00009000 08:12 3025851                    /usr/lib/x86_64-linux-gnu/libXcursor.so.1.0.2
7d8bfbe7c000-7d8bfbe7d000 rw-p 0000a000 08:12 3025851                    /usr/lib/x86_64-linux-gnu/libXcursor.so.1.0.2
7d8bfbe7d000-7d8bfbe7f000 r--p 00000000 08:12 3025864                    /usr/lib/x86_64-linux-gnu/libXrender.so.1.3.0
7d8bfbe7f000-7d8bfbe86000 r-xp 00002000 08:12 3025864                    /usr/lib/x86_64-linux-gnu/libXrender.so.1.3.0
7d8bfbe86000-7d8bfbe87000 r--p 00009000 08:12 3025864                    /usr/lib/x86_64-linux-gnu/libXrender.so.1.3.0
7d8bfbe87000-7d8bfbe88000 r--p 00009000 08:12 3025864                    /usr/lib/x86_64-linux-gnu/libXrender.so.1.3.0
7d8bfbe88000-7d8bfbe89000 rw-p 0000a000 08:12 3025864                    /usr/lib/x86_64-linux-gnu/libXrender.so.1.3.0
7d8bfbe89000-7d8bfbeb3000 r--p 00000000 08:12 2510758                    /tmp/lwjgl_yaseen/3.3.4+7/x64/liblwjgl.so
7d8bfbeb3000-7d8bfbee5000 r-xp 0002a000 08:12 2510758                    /tmp/lwjgl_yaseen/3.3.4+7/x64/liblwjgl.so
7d8bfbee5000-7d8bfbefe000 r--p 0005c000 08:12 2510758                    /tmp/lwjgl_yaseen/3.3.4+7/x64/liblwjgl.so
7d8bfbefe000-7d8bfbeff000 r--p 00074000 08:12 2510758                    /tmp/lwjgl_yaseen/3.3.4+7/x64/liblwjgl.so
7d8bfbeff000-7d8bfbf00000 rw-p 00075000 08:12 2510758                    /tmp/lwjgl_yaseen/3.3.4+7/x64/liblwjgl.so
7d8bfbf00000-7d8bfbf04000 ---p 00000000 00:00 0 
7d8bfbf04000-7d8bfc000000 rw-p 00000000 00:00 0 
7d8bfc000000-7d8bfc34f000 rw-p 00000000 00:00 0 
7d8bfc34f000-7d8c00000000 ---p 00000000 00:00 0 
7d8c00004000-7d8c00006000 r--p 00000000 08:12 3025863                    /usr/lib/x86_64-linux-gnu/libXrandr.so.2.2.0
7d8c00006000-7d8c0000d000 r-xp 00002000 08:12 3025863                    /usr/lib/x86_64-linux-gnu/libXrandr.so.2.2.0
7d8c0000d000-7d8c0000f000 r--p 00009000 08:12 3025863                    /usr/lib/x86_64-linux-gnu/libXrandr.so.2.2.0
7d8c0000f000-7d8c00010000 r--p 0000a000 08:12 3025863                    /usr/lib/x86_64-linux-gnu/libXrandr.so.2.2.0
7d8c00010000-7d8c00011000 rw-p 0000b000 08:12 3025863                    /usr/lib/x86_64-linux-gnu/libXrandr.so.2.2.0
7d8c00011000-7d8c00014000 r--p 00000000 08:12 3025858                    /usr/lib/x86_64-linux-gnu/libXi.so.6.1.0
7d8c00014000-7d8c00020000 r-xp 00003000 08:12 3025858                    /usr/lib/x86_64-linux-gnu/libXi.so.6.1.0
7d8c00020000-7d8c00022000 r--p 0000f000 08:12 3025858                    /usr/lib/x86_64-linux-gnu/libXi.so.6.1.0
7d8c00022000-7d8c00023000 r--p 00011000 08:12 3025858                    /usr/lib/x86_64-linux-gnu/libXi.so.6.1.0
7d8c00023000-7d8c00024000 rw-p 00012000 08:12 3025858                    /usr/lib/x86_64-linux-gnu/libXi.so.6.1.0
7d8c00024000-7d8c00029000 r--p 00000000 08:12 3540742                    /usr/lib/jvm/java-21-openjdk-amd64/lib/libjsvml.so
7d8c00029000-7d8c0006a000 r-xp 00005000 08:12 3540742                    /usr/lib/jvm/java-21-openjdk-amd64/lib/libjsvml.so
7d8c0006a000-7d8c000f3000 r--p 00046000 08:12 3540742                    /usr/lib/jvm/java-21-openjdk-amd64/lib/libjsvml.so
7d8c000f3000-7d8c000f4000 r--p 000ce000 08:12 3540742                    /usr/lib/jvm/java-21-openjdk-amd64/lib/libjsvml.so
7d8c000f4000-7d8c000f5000 rw-p 000cf000 08:12 3540742                    /usr/lib/jvm/java-21-openjdk-amd64/lib/libjsvml.so
7d8c000f5000-7d8c000f6000 ---p 00000000 00:00 0 
7d8c000f6000-7d8c001f6000 rw-p 00000000 00:00 0 
7d8c001f6000-7d8c001f7000 ---p 00000000 00:00 0 
7d8c001f7000-7d8c002f7000 rw-p 00000000 00:00 0 
7d8c002f7000-7d8c002f8000 ---p 00000000 00:00 0 
7d8c002f8000-7d8c003f8000 rw-p 00000000 00:00 0 
7d8c003f8000-7d8c003f9000 ---p 00000000 00:00 0 
7d8c003f9000-7d8c004f9000 rw-p 00000000 00:00 0 
7d8c004f9000-7d8c008fd000 rw-p 00000000 00:00 0 
7d8c008fd000-7d8c008fe000 ---p 00000000 00:00 0 
7d8c008fe000-7d8c009fe000 rw-p 00000000 00:00 0 
7d8c009fe000-7d8c009ff000 ---p 00000000 00:00 0 
7d8c009ff000-7d8c00aff000 rw-p 00000000 00:00 0 
7d8c00aff000-7d8c00b00000 ---p 00000000 00:00 0 
7d8c00b00000-7d8c00c00000 rw-p 00000000 00:00 0 
7d8c00c00000-7d8c00c7d000 rw-p 00000000 00:00 0 
7d8c00c7d000-7d8c013ca000 ---p 00000000 00:00 0 
7d8c013ca000-7d8c013cb000 rw-p 00000000 00:00 0 
7d8c013ce000-7d8c013d0000 r--p 00000000 08:12 3025855                    /usr/lib/x86_64-linux-gnu/libXfixes.so.3.1.0
7d8c013d0000-7d8c013d3000 r-xp 00002000 08:12 3025855                    /usr/lib/x86_64-linux-gnu/libXfixes.so.3.1.0
7d8c013d3000-7d8c013d4000 r--p 00005000 08:12 3025855                    /usr/lib/x86_64-linux-gnu/libXfixes.so.3.1.0
7d8c013d4000-7d8c013d5000 r--p 00005000 08:12 3025855                    /usr/lib/x86_64-linux-gnu/libXfixes.so.3.1.0
7d8c013d5000-7d8c013d6000 rw-p 00006000 08:12 3025855                    /usr/lib/x86_64-linux-gnu/libXfixes.so.3.1.0
7d8c013d6000-7d8c013da000 r--p 00000000 08:12 3025854                    /usr/lib/x86_64-linux-gnu/libXext.so.6.4.0
7d8c013da000-7d8c013e5000 r-xp 00004000 08:12 3025854                    /usr/lib/x86_64-linux-gnu/libXext.so.6.4.0
7d8c013e5000-7d8c013e8000 r--p 0000f000 08:12 3025854                    /usr/lib/x86_64-linux-gnu/libXext.so.6.4.0
7d8c013e8000-7d8c013e9000 r--p 00011000 08:12 3025854                    /usr/lib/x86_64-linux-gnu/libXext.so.6.4.0
7d8c013e9000-7d8c013ea000 rw-p 00012000 08:12 3025854                    /usr/lib/x86_64-linux-gnu/libXext.so.6.4.0
7d8c013ea000-7d8c013eb000 r--p 00000000 08:12 3025872                    /usr/lib/x86_64-linux-gnu/libXxf86vm.so.1.0.0
7d8c013eb000-7d8c013ee000 r-xp 00001000 08:12 3025872                    /usr/lib/x86_64-linux-gnu/libXxf86vm.so.1.0.0
7d8c013ee000-7d8c013ef000 r--p 00004000 08:12 3025872                    /usr/lib/x86_64-linux-gnu/libXxf86vm.so.1.0.0
7d8c013ef000-7d8c013f0000 r--p 00004000 08:12 3025872                    /usr/lib/x86_64-linux-gnu/libXxf86vm.so.1.0.0
7d8c013f0000-7d8c013f1000 rw-p 00005000 08:12 3025872                    /usr/lib/x86_64-linux-gnu/libXxf86vm.so.1.0.0
7d8c013f1000-7d8c013f3000 r--p 00000000 08:12 3026314                    /usr/lib/x86_64-linux-gnu/libmd.so.0.1.0
7d8c013f3000-7d8c013fc000 r-xp 00002000 08:12 3026314                    /usr/lib/x86_64-linux-gnu/libmd.so.0.1.0
7d8c013fc000-7d8c013fe000 r--p 0000b000 08:12 3026314                    /usr/lib/x86_64-linux-gnu/libmd.so.0.1.0
7d8c013fe000-7d8c013ff000 r--p 0000c000 08:12 3026314                    /usr/lib/x86_64-linux-gnu/libmd.so.0.1.0
7d8c013ff000-7d8c01400000 rw-p 0000d000 08:12 3026314                    /usr/lib/x86_64-linux-gnu/libmd.so.0.1.0
7d8c01400000-7d8c0147d000 rw-p 00000000 00:00 0 
7d8c0147d000-7d8c01bca000 ---p 00000000 00:00 0 
7d8c01bca000-7d8c01bcb000 rw-p 00000000 00:00 0 
7d8c01bcf000-7d8c01bd3000 r--p 00000000 08:12 3025995                    /usr/lib/x86_64-linux-gnu/libbsd.so.0.12.1
7d8c01bd3000-7d8c01bdf000 r-xp 00004000 08:12 3025995                    /usr/lib/x86_64-linux-gnu/libbsd.so.0.12.1
7d8c01bdf000-7d8c01be2000 r--p 00010000 08:12 3025995                    /usr/lib/x86_64-linux-gnu/libbsd.so.0.12.1
7d8c01be2000-7d8c01be3000 r--p 00012000 08:12 3025995                    /usr/lib/x86_64-linux-gnu/libbsd.so.0.12.1
7d8c01be3000-7d8c01be4000 rw-p 00013000 08:12 3025995                    /usr/lib/x86_64-linux-gnu/libbsd.so.0.12.1
7d8c01be4000-7d8c01be5000 rw-p 00000000 00:00 0 
7d8c01be5000-7d8c01be7000 r--p 00000000 08:12 3025853                    /usr/lib/x86_64-linux-gnu/libXdmcp.so.6.0.0
7d8c01be7000-7d8c01be9000 r-xp 00002000 08:12 3025853                    /usr/lib/x86_64-linux-gnu/libXdmcp.so.6.0.0
7d8c01be9000-7d8c01beb000 r--p 00004000 08:12 3025853                    /usr/lib/x86_64-linux-gnu/libXdmcp.so.6.0.0
7d8c01beb000-7d8c01bec000 r--p 00005000 08:12 3025853                    /usr/lib/x86_64-linux-gnu/libXdmcp.so.6.0.0
7d8c01bec000-7d8c01bed000 rw-p 00006000 08:12 3025853                    /usr/lib/x86_64-linux-gnu/libXdmcp.so.6.0.0
7d8c01bed000-7d8c01bee000 r--p 00000000 08:12 3025848                    /usr/lib/x86_64-linux-gnu/libXau.so.6.0.0
7d8c01bee000-7d8c01bf0000 r-xp 00001000 08:12 3025848                    /usr/lib/x86_64-linux-gnu/libXau.so.6.0.0
7d8c01bf0000-7d8c01bf1000 r--p 00003000 08:12 3025848                    /usr/lib/x86_64-linux-gnu/libXau.so.6.0.0
7d8c01bf1000-7d8c01bf2000 r--p 00003000 08:12 3025848                    /usr/lib/x86_64-linux-gnu/libXau.so.6.0.0
7d8c01bf2000-7d8c01bf3000 rw-p 00004000 08:12 3025848                    /usr/lib/x86_64-linux-gnu/libXau.so.6.0.0
7d8c01bf3000-7d8c01bfe000 r--p 00000000 08:12 3026640                    /usr/lib/x86_64-linux-gnu/libxcb.so.1.1.0
7d8c01bfe000-7d8c01c11000 r-xp 0000b000 08:12 3026640                    /usr/lib/x86_64-linux-gnu/libxcb.so.1.1.0
7d8c01c11000-7d8c01c1a000 r--p 0001e000 08:12 3026640                    /usr/lib/x86_64-linux-gnu/libxcb.so.1.1.0
7d8c01c1a000-7d8c01c1b000 r--p 00026000 08:12 3026640                    /usr/lib/x86_64-linux-gnu/libxcb.so.1.1.0
7d8c01c1b000-7d8c01c1c000 rw-p 00027000 08:12 3026640                    /usr/lib/x86_64-linux-gnu/libxcb.so.1.1.0
7d8c01c1c000-7d8c01c1d000 r--p 00000000 08:12 3053056                    /usr/lib/x86_64-linux-gnu/librt.so.1
7d8c01c1d000-7d8c01c1e000 r-xp 00001000 08:12 3053056                    /usr/lib/x86_64-linux-gnu/librt.so.1
7d8c01c1e000-7d8c01c1f000 r--p 00002000 08:12 3053056                    /usr/lib/x86_64-linux-gnu/librt.so.1
7d8c01c1f000-7d8c01c20000 r--p 00002000 08:12 3053056                    /usr/lib/x86_64-linux-gnu/librt.so.1
7d8c01c20000-7d8c01c21000 rw-p 00003000 08:12 3053056                    /usr/lib/x86_64-linux-gnu/librt.so.1
7d8c01c21000-7d8c01c22000 r--p 00000000 08:12 3053054                    /usr/lib/x86_64-linux-gnu/libpthread.so.0
7d8c01c22000-7d8c01c23000 r-xp 00001000 08:12 3053054                    /usr/lib/x86_64-linux-gnu/libpthread.so.0
7d8c01c23000-7d8c01c24000 r--p 00002000 08:12 3053054                    /usr/lib/x86_64-linux-gnu/libpthread.so.0
7d8c01c24000-7d8c01c25000 r--p 00002000 08:12 3053054                    /usr/lib/x86_64-linux-gnu/libpthread.so.0
7d8c01c25000-7d8c01c26000 rw-p 00003000 08:12 3053054                    /usr/lib/x86_64-linux-gnu/libpthread.so.0
7d8c01c26000-7d8c0202f000 rw-p 00000000 00:00 0 
7d8c0202f000-7d8c02115000 ---p 00000000 00:00 0 
7d8c02115000-7d8c0211a000 rw-p 00000000 00:00 0 
7d8c0211a000-7d8c02200000 ---p 00000000 00:00 0 
7d8c02200000-7d8c0229d000 r--p 00000000 08:12 3026524                    /usr/lib/x86_64-linux-gnu/libstdc++.so.6.0.33
7d8c0229d000-7d8c023dd000 r-xp 0009d000 08:12 3026524                    /usr/lib/x86_64-linux-gnu/libstdc++.so.6.0.33
7d8c023dd000-7d8c0246b000 r--p 001dd000 08:12 3026524                    /usr/lib/x86_64-linux-gnu/libstdc++.so.6.0.33
7d8c0246b000-7d8c02476000 r--p 0026b000 08:12 3026524                    /usr/lib/x86_64-linux-gnu/libstdc++.so.6.0.33
7d8c02476000-7d8c02479000 rw-p 00276000 08:12 3026524                    /usr/lib/x86_64-linux-gnu/libstdc++.so.6.0.33
7d8c02479000-7d8c0247d000 rw-p 00000000 00:00 0 
7d8c0247f000-7d8c02500000 rw-p 00000000 00:00 0 
7d8c02500000-7d8c02504000 ---p 00000000 00:00 0 
7d8c02504000-7d8c02600000 rw-p 00000000 00:00 0 
7d8c02600000-7d8c02896000 r--p 00000000 08:12 3540762                    /usr/lib/jvm/java-21-openjdk-amd64/lib/server/libjvm.so
7d8c02896000-7d8c036fe000 r-xp 00296000 08:12 3540762                    /usr/lib/jvm/java-21-openjdk-amd64/lib/server/libjvm.so
7d8c036fe000-7d8c039d1000 r--p 010fe000 08:12 3540762                    /usr/lib/jvm/java-21-openjdk-amd64/lib/server/libjvm.so
7d8c039d1000-7d8c03aa1000 r--p 013d0000 08:12 3540762                    /usr/lib/jvm/java-21-openjdk-amd64/lib/server/libjvm.so
7d8c03aa1000-7d8c03ad1000 rw-p 014a0000 08:12 3540762                    /usr/lib/jvm/java-21-openjdk-amd64/lib/server/libjvm.so
7d8c03ad1000-7d8c03b37000 rw-p 00000000 00:00 0 
7d8c03b3b000-7d8c03b3c000 r--p 00000000 08:12 3053044                    /usr/lib/x86_64-linux-gnu/libdl.so.2
7d8c03b3c000-7d8c03b3d000 r-xp 00001000 08:12 3053044                    /usr/lib/x86_64-linux-gnu/libdl.so.2
7d8c03b3d000-7d8c03b3e000 r--p 00002000 08:12 3053044                    /usr/lib/x86_64-linux-gnu/libdl.so.2
7d8c03b3e000-7d8c03b3f000 r--p 00002000 08:12 3053044                    /usr/lib/x86_64-linux-gnu/libdl.so.2
7d8c03b3f000-7d8c03b40000 rw-p 00003000 08:12 3053044                    /usr/lib/x86_64-linux-gnu/libdl.so.2
7d8c03b4e000-7d8c03b55000 r--s 00000000 08:12 3053031                    /usr/lib/x86_64-linux-gnu/gconv/gconv-modules.cache
7d8c03b55000-7d8c03b58000 r--p 00000000 08:12 3540749                    /usr/lib/jvm/java-21-openjdk-amd64/lib/libnet.so
7d8c03b58000-7d8c03b60000 r-xp 00003000 08:12 3540749                    /usr/lib/jvm/java-21-openjdk-amd64/lib/libnet.so
7d8c03b60000-7d8c03b62000 r--p 0000b000 08:12 3540749                    /usr/lib/jvm/java-21-openjdk-amd64/lib/libnet.so
7d8c03b62000-7d8c03b63000 r--p 0000c000 08:12 3540749                    /usr/lib/jvm/java-21-openjdk-amd64/lib/libnet.so
7d8c03b63000-7d8c03b64000 rw-p 0000d000 08:12 3540749                    /usr/lib/jvm/java-21-openjdk-amd64/lib/libnet.so
7d8c03b64000-7d8c03c00000 rw-p 00000000 00:00 0 
7d8c03c00000-7d8c03c28000 r--p 00000000 08:12 3053042                    /usr/lib/x86_64-linux-gnu/libc.so.6
7d8c03c28000-7d8c03db0000 r-xp 00028000 08:12 3053042                    /usr/lib/x86_64-linux-gnu/libc.so.6
7d8c03db0000-7d8c03dff000 r--p 001b0000 08:12 3053042                    /usr/lib/x86_64-linux-gnu/libc.so.6
7d8c03dff000-7d8c03e03000 r--p 001fe000 08:12 3053042                    /usr/lib/x86_64-linux-gnu/libc.so.6
7d8c03e03000-7d8c03e05000 rw-p 00202000 08:12 3053042                    /usr/lib/x86_64-linux-gnu/libc.so.6
7d8c03e05000-7d8c03e12000 rw-p 00000000 00:00 0 
7d8c03e14000-7d8c03e15000 rw-p 00000000 00:00 0 
7d8c03e15000-7d8c03e17000 r--p 00000000 08:12 3540757                    /usr/lib/jvm/java-21-openjdk-amd64/lib/libzip.so
7d8c03e17000-7d8c03e1c000 r-xp 00002000 08:12 3540757                    /usr/lib/jvm/java-21-openjdk-amd64/lib/libzip.so
7d8c03e1c000-7d8c03e1e000 r--p 00007000 08:12 3540757                    /usr/lib/jvm/java-21-openjdk-amd64/lib/libzip.so
7d8c03e1e000-7d8c03e1f000 r--p 00008000 08:12 3540757                    /usr/lib/jvm/java-21-openjdk-amd64/lib/libzip.so
7d8c03e1f000-7d8c03e20000 rw-p 00009000 08:12 3540757                    /usr/lib/jvm/java-21-openjdk-amd64/lib/libzip.so
7d8c03e20000-7d8c03e27000 r--p 00000000 08:12 3540750                    /usr/lib/jvm/java-21-openjdk-amd64/lib/libnio.so
7d8c03e27000-7d8c03e30000 r-xp 00007000 08:12 3540750                    /usr/lib/jvm/java-21-openjdk-amd64/lib/libnio.so
7d8c03e30000-7d8c03e34000 r--p 00010000 08:12 3540750                    /usr/lib/jvm/java-21-openjdk-amd64/lib/libnio.so
7d8c03e34000-7d8c03e35000 r--p 00014000 08:12 3540750                    /usr/lib/jvm/java-21-openjdk-amd64/lib/libnio.so
7d8c03e35000-7d8c03e36000 rw-p 00015000 08:12 3540750                    /usr/lib/jvm/java-21-openjdk-amd64/lib/libnio.so
7d8c03e36000-7d8c03e7e000 rw-p 00000000 00:00 0 
7d8c03e7e000-7d8c03e85000 ---p 00000000 00:00 0 
7d8c03e85000-7d8c03e92000 r--p 00000000 08:12 3540735                    /usr/lib/jvm/java-21-openjdk-amd64/lib/libjava.so
7d8c03e92000-7d8c03ea1000 r-xp 0000d000 08:12 3540735                    /usr/lib/jvm/java-21-openjdk-amd64/lib/libjava.so
7d8c03ea1000-7d8c03ea6000 r--p 0001c000 08:12 3540735                    /usr/lib/jvm/java-21-openjdk-amd64/lib/libjava.so
7d8c03ea6000-7d8c03ea7000 r--p 00021000 08:12 3540735                    /usr/lib/jvm/java-21-openjdk-amd64/lib/libjava.so
7d8c03ea7000-7d8c03ea8000 rw-p 00022000 08:12 3540735                    /usr/lib/jvm/java-21-openjdk-amd64/lib/libjava.so
7d8c03ea8000-7d8c03ea9000 rw-p 00000000 00:00 0 
7d8c03ea9000-7d8c03ead000 r--p 00000000 08:12 3026131                    /usr/lib/x86_64-linux-gnu/libgcc_s.so.1
7d8c03ead000-7d8c03ed0000 r-xp 00004000 08:12 3026131                    /usr/lib/x86_64-linux-gnu/libgcc_s.so.1
7d8c03ed0000-7d8c03ed4000 r--p 00027000 08:12 3026131                    /usr/lib/x86_64-linux-gnu/libgcc_s.so.1
7d8c03ed4000-7d8c03ed5000 r--p 0002b000 08:12 3026131                    /usr/lib/x86_64-linux-gnu/libgcc_s.so.1
7d8c03ed5000-7d8c03ed6000 rw-p 0002c000 08:12 3026131                    /usr/lib/x86_64-linux-gnu/libgcc_s.so.1
7d8c03ed6000-7d8c03ee6000 r--p 00000000 08:12 3053045                    /usr/lib/x86_64-linux-gnu/libm.so.6
7d8c03ee6000-7d8c03f65000 r-xp 00010000 08:12 3053045                    /usr/lib/x86_64-linux-gnu/libm.so.6
7d8c03f65000-7d8c03fbd000 r--p 0008f000 08:12 3053045                    /usr/lib/x86_64-linux-gnu/libm.so.6
7d8c03fbd000-7d8c03fbe000 r--p 000e7000 08:12 3053045                    /usr/lib/x86_64-linux-gnu/libm.so.6
7d8c03fbe000-7d8c03fbf000 rw-p 000e8000 08:12 3053045                    /usr/lib/x86_64-linux-gnu/libm.so.6
7d8c03fbf000-7d8c03fc1000 rw-p 00000000 00:00 0 
7d8c03fc1000-7d8c03fc3000 r--p 00000000 08:12 3540739                    /usr/lib/jvm/java-21-openjdk-amd64/lib/libjli.so
7d8c03fc3000-7d8c03fcd000 r-xp 00002000 08:12 3540739                    /usr/lib/jvm/java-21-openjdk-amd64/lib/libjli.so
7d8c03fcd000-7d8c03fd0000 r--p 0000c000 08:12 3540739                    /usr/lib/jvm/java-21-openjdk-amd64/lib/libjli.so
7d8c03fd0000-7d8c03fd1000 r--p 0000f000 08:12 3540739                    /usr/lib/jvm/java-21-openjdk-amd64/lib/libjli.so
7d8c03fd1000-7d8c03fd2000 rw-p 00010000 08:12 3540739                    /usr/lib/jvm/java-21-openjdk-amd64/lib/libjli.so
7d8c03fd2000-7d8c03fd4000 r--p 00000000 08:12 3025593                    /usr/lib/x86_64-linux-gnu/libz.so.1.3
7d8c03fd4000-7d8c03fe6000 r-xp 00002000 08:12 3025593                    /usr/lib/x86_64-linux-gnu/libz.so.1.3
7d8c03fe6000-7d8c03fec000 r--p 00014000 08:12 3025593                    /usr/lib/x86_64-linux-gnu/libz.so.1.3
7d8c03fec000-7d8c03fed000 r--p 0001a000 08:12 3025593                    /usr/lib/x86_64-linux-gnu/libz.so.1.3
7d8c03fed000-7d8c03fee000 rw-p 0001b000 08:12 3025593                    /usr/lib/x86_64-linux-gnu/libz.so.1.3
7d8c03fee000-7d8c03fef000 r-xp 0005a000 08:12 2510758                    /tmp/lwjgl_yaseen/3.3.4+7/x64/liblwjgl.so
7d8c03fef000-7d8c03ff0000 rw-p 00000000 00:00 0 
7d8c03ff0000-7d8c03ff8000 rw-s 00000000 08:12 1745363                    /tmp/hsperfdata_yaseen/56092
7d8c03ff8000-7d8c03ff9000 ---p 00000000 00:00 0 
7d8c03ff9000-7d8c03ffa000 r--p 00000000 00:00 0 
7d8c03ffa000-7d8c03ffb000 ---p 00000000 00:00 0 
7d8c03ffb000-7d8c03ffd000 r--p 00000000 08:12 3540738                    /usr/lib/jvm/java-21-openjdk-amd64/lib/libjimage.so
7d8c03ffd000-7d8c04000000 r-xp 00002000 08:12 3540738                    /usr/lib/jvm/java-21-openjdk-amd64/lib/libjimage.so
7d8c04000000-7d8c04001000 r--p 00005000 08:12 3540738                    /usr/lib/jvm/java-21-openjdk-amd64/lib/libjimage.so
7d8c04001000-7d8c04002000 r--p 00006000 08:12 3540738                    /usr/lib/jvm/java-21-openjdk-amd64/lib/libjimage.so
7d8c04002000-7d8c04003000 rw-p 00007000 08:12 3540738                    /usr/lib/jvm/java-21-openjdk-amd64/lib/libjimage.so
7d8c04003000-7d8c04005000 rw-p 00000000 00:00 0 
7d8c04005000-7d8c04006000 r--p 00000000 08:12 3053039                    /usr/lib/x86_64-linux-gnu/ld-linux-x86-64.so.2
7d8c04006000-7d8c04031000 r-xp 00001000 08:12 3053039                    /usr/lib/x86_64-linux-gnu/ld-linux-x86-64.so.2
7d8c04031000-7d8c0403b000 r--p 0002c000 08:12 3053039                    /usr/lib/x86_64-linux-gnu/ld-linux-x86-64.so.2
7d8c0403b000-7d8c0403d000 r--p 00036000 08:12 3053039                    /usr/lib/x86_64-linux-gnu/ld-linux-x86-64.so.2
7d8c0403d000-7d8c0403f000 rw-p 00038000 08:12 3053039                    /usr/lib/x86_64-linux-gnu/ld-linux-x86-64.so.2
7fff522cf000-7fff522f1000 rw-p 00000000 00:00 0                          [stack]
7fff52338000-7fff5233c000 r--p 00000000 00:00 0                          [vvar]
7fff5233c000-7fff5233e000 r-xp 00000000 00:00 0                          [vdso]
ffffffffff600000-ffffffffff601000 --xp 00000000 00:00 0                  [vsyscall]
Total number of mappings: 304


VM Arguments:
jvm_args: -Dfile.encoding=UTF-8 -Duser.country=US -Duser.language=en -Duser.variant 
java_command: org.MainModule.Window
java_class_path (initial): /home/yaseen/javaDevelopmentWorkSpaceWithIntellij/GameEngineWithJava/build/classes/java/main:/home/yaseen/javaDevelopmentWorkSpaceWithIntellij/GameEngineWithJava/build/resources/main:/home/yaseen/.gradle/caches/modules-2/files-2.1/org.lwjgl/lwjgl-assimp/3.3.4/4651577de25afb21511c4b39e1ee3002ab1cad5d/lwjgl-assimp-3.3.4.jar:/home/yaseen/.gradle/caches/modules-2/files-2.1/org.lwjgl/lwjgl-assimp/3.3.4/711f816e22bbf89b27455a11a3871a370748b0f8/lwjgl-assimp-3.3.4-natives-linux.jar:/home/yaseen/.gradle/caches/modules-2/files-2.1/org.lwjgl/lwjgl-glfw/3.3.4/7e46ecdec85db8738053cfde1414352cd62dab74/lwjgl-glfw-3.3.4.jar:/home/yaseen/.gradle/caches/modules-2/files-2.1/org.lwjgl/lwjgl-glfw/3.3.4/91e3d4b56d6d1369ef107b9d7801c9f38125c590/lwjgl-glfw-3.3.4-natives-linux.jar:/home/yaseen/.gradle/caches/modules-2/files-2.1/org.lwjgl/lwjgl-nfd/3.3.4/176827b812b331189e36d4879926f50f4fc37b50/lwjgl-nfd-3.3.4.jar:/home/yaseen/.gradle/caches/modules-2/files-2.1/org.lwjgl/lwjgl-nfd/3.3.4/f44334ee672f651e322da0375c57abd312ddd8a7/lwjgl-nfd-3.3.4-natives-linux.jar:/home/yaseen/.gradle/caches/modules-2/files-2.1/org.lwjgl/lwjgl-openal/3.3.4/9b74d3ea380c83353d42af43ad9659e04dabe84a/lwjgl-openal-3.3.4.jar:/home/yaseen/.gradle/caches/modules-2/files-2.1/org.lwjgl/lwjgl-openal/3.3.4/45189277b5ac64b849de7293e8b1ef2cf2082102/lwjgl-openal-3.3.4-natives-linux.jar:/home/yaseen/.gradle/caches/modules-2/files-2.1/org.lwjgl/lwjgl-opengl/3.3.4/2852ac7d9f6fc71349f1ce28e2708ff1977f18af/lwjgl-opengl-3.3.4.jar:/home/yaseen/.gradle/caches/modules-2/files-2.1/org.lwjgl/lwjgl-opengl/3.3.4/789df76d2e3da55349d858dfb81442149af7c7f4/lwjgl-opengl-3.3.4-natives-linux.jar:/home/yaseen/.gradle/caches/modules-2/files-2.1/org.lwjgl/lwjgl-stb/3.3.4/5821735d5ef23f6da8542887344e57eb181b7cac/lwjgl-stb-3.3.4.jar:/home/yaseen/.gradle/caches/modules-2/files-2.1/org.lwjgl/lwjgl-stb/3.3.4/dfc129f009495e6effe8a023d7c3f9cf519e86e3/lwjgl-stb-3.3.4-natives-linux.jar:/home/yaseen/.gradle/caches/modules-2/files-2.1/org.lwjgl/lwjgl/3.3.4/b86c3e4832426e8a6b466013b7cb34b40e9ce956/lwjgl-3.3.4.jar:/home/yaseen/.gradle/caches/modules-2/files-2.1/org.lwjgl/lwjgl/3.3.4/a7ccba1d3f2fef214943e74335a80cc65d04e49/lwjgl-3.3.4-natives-linux.jar
Launcher Type: SUN_STANDARD

[Global flags]
     intx CICompilerCount                          = 3                                         {product} {ergonomic}
     uint ConcGCThreads                            = 1                                         {product} {ergonomic}
     uint G1ConcRefinementThreads                  = 4                                         {product} {ergonomic}
   size_t G1HeapRegionSize                         = 2097152                                   {product} {ergonomic}
    uintx GCDrainStackTargetSize                   = 64                                        {product} {ergonomic}
   size_t InitialHeapSize                          = 262144000                                 {product} {ergonomic}
   size_t MarkStackSize                            = 4194304                                   {product} {ergonomic}
   size_t MaxHeapSize                              = 4183818240                                {product} {ergonomic}
   size_t MaxNewSize                               = 2510290944                                {product} {ergonomic}
   size_t MinHeapDeltaBytes                        = 2097152                                   {product} {ergonomic}
   size_t MinHeapSize                              = 8388608                                   {product} {ergonomic}
    uintx NonNMethodCodeHeapSize                   = 5832780                                {pd product} {ergonomic}
    uintx NonProfiledCodeHeapSize                  = 122912730                              {pd product} {ergonomic}
    uintx ProfiledCodeHeapSize                     = 122912730                              {pd product} {ergonomic}
    uintx ReservedCodeCacheSize                    = 251658240                              {pd product} {ergonomic}
     bool SegmentedCodeCache                       = true                                      {product} {ergonomic}
   size_t SoftMaxHeapSize                          = 4183818240                             {manageable} {ergonomic}
     bool UseCompressedOops                        = true                           {product lp64_product} {ergonomic}
     bool UseG1GC                                  = true                                      {product} {ergonomic}

Logging:
Log output configuration:
 #0: stdout all=warning uptime,level,tags foldmultilines=false
 #1: stderr all=off uptime,level,tags foldmultilines=false

Environment Variables:
PATH=/usr/local/sbin:/usr/local/bin:/usr/sbin:/usr/bin:/sbin:/bin:/usr/games:/usr/local/games:/snap/bin:/snap/bin
USERNAME=yaseen
SHELL=/bin/bash
DISPLAY=:1
LANG=en_US.UTF-8

Active Locale:
LC_ALL=en_US.UTF-8
LC_COLLATE=en_US.UTF-8
LC_CTYPE=en_US.UTF-8
LC_MESSAGES=en_US.UTF-8
LC_MONETARY=en_US.UTF-8
LC_NUMERIC=en_US.UTF-8
LC_TIME=en_US.UTF-8

Signal Handlers:
   SIGSEGV: crash_handler in libjvm.so, mask=11100100010111111101111111111110, flags=SA_RESTART|SA_SIGINFO, unblocked
    SIGBUS: crash_handler in libjvm.so, mask=11100100010111111101111111111110, flags=SA_RESTART|SA_SIGINFO, unblocked
    SIGFPE: crash_handler in libjvm.so, mask=11100100010111111101111111111110, flags=SA_RESTART|SA_SIGINFO, unblocked
   SIGPIPE: javaSignalHandler in libjvm.so, mask=11100100010111111101111111111110, flags=SA_RESTART|SA_SIGINFO, blocked
   SIGXFSZ: javaSignalHandler in libjvm.so, mask=11100100010111111101111111111110, flags=SA_RESTART|SA_SIGINFO, blocked
    SIGILL: crash_handler in libjvm.so, mask=11100100010111111101111111111110, flags=SA_RESTART|SA_SIGINFO, unblocked
   SIGUSR2: SR_handler in libjvm.so, mask=00000000000000000000000000000000, flags=SA_RESTART|SA_SIGINFO, blocked
    SIGHUP: UserHandler in libjvm.so, mask=11100100010111111101111111111110, flags=SA_RESTART|SA_SIGINFO, blocked
    SIGINT: UserHandler in libjvm.so, mask=11100100010111111101111111111110, flags=SA_RESTART|SA_SIGINFO, blocked
   SIGTERM: UserHandler in libjvm.so, mask=11100100010111111101111111111110, flags=SA_RESTART|SA_SIGINFO, blocked
   SIGQUIT: UserHandler in libjvm.so, mask=11100100010111111101111111111110, flags=SA_RESTART|SA_SIGINFO, blocked
   SIGTRAP: crash_handler in libjvm.so, mask=11100100010111111101111111111110, flags=SA_RESTART|SA_SIGINFO, unblocked


Periodic native trim disabled

---------------  S Y S T E M  ---------------

OS:
DISTRIB_ID=Ubuntu
DISTRIB_RELEASE=24.04
DISTRIB_CODENAME=noble
DISTRIB_DESCRIPTION="Ubuntu 24.04.1 LTS"
uname: Linux 6.8.0-41-generic #41-Ubuntu SMP PREEMPT_DYNAMIC Fri Aug  2 20:41:06 UTC 2024 x86_64
OS uptime: 1 days 1:56 hours
libc: glibc 2.39 NPTL 2.39 
rlimit (soft/hard): STACK 8192k/infinity , CORE 0k/infinity , NPROC 63551/63551 , NOFILE 1048576/1048576 , AS infinity/infinity , CPU infinity/infinity , DATA infinity/infinity , FSIZE infinity/infinity , MEMLOCK 2042536k/2042536k
load average: 2.76 2.05 1.29

/proc/meminfo:
MemTotal:       16340316 kB
MemFree:          387116 kB
MemAvailable:    7383612 kB
Buffers:          494644 kB
Cached:          5917404 kB
SwapCached:        35512 kB
Active:          8256020 kB
Inactive:        5861896 kB
Active(anon):    6579116 kB
Inactive(anon):  1269504 kB
Active(file):    1676904 kB
Inactive(file):  4592392 kB
Unevictable:        3192 kB
Mlocked:             120 kB
SwapTotal:       4194300 kB
SwapFree:         979648 kB
Zswap:                 0 kB
Zswapped:              0 kB
Dirty:              1024 kB
Writeback:             0 kB
AnonPages:       7674800 kB
Mapped:           881844 kB
Shmem:            142708 kB
KReclaimable:    1079200 kB
Slab:            1448584 kB
SReclaimable:    1079200 kB
SUnreclaim:       369384 kB
KernelStack:       22272 kB
PageTables:        91920 kB
SecPageTables:         0 kB
NFS_Unstable:          0 kB
Bounce:                0 kB
WritebackTmp:          0 kB
CommitLimit:    12364456 kB
Committed_AS:   37832324 kB
VmallocTotal:   34359738367 kB
VmallocUsed:      113232 kB
VmallocChunk:          0 kB
Percpu:             4464 kB
HardwareCorrupted:     0 kB
AnonHugePages:         0 kB
ShmemHugePages:        0 kB
ShmemPmdMapped:        0 kB
FileHugePages:         0 kB
FilePmdMapped:         0 kB
Unaccepted:            0 kB
HugePages_Total:       0
HugePages_Free:        0
HugePages_Rsvd:        0
HugePages_Surp:        0
Hugepagesize:       2048 kB
Hugetlb:               0 kB
DirectMap4k:     1982832 kB
DirectMap2M:    14757888 kB

/sys/kernel/mm/transparent_hugepage/enabled: always [madvise] never
/sys/kernel/mm/transparent_hugepage/hpage_pmd_size: 2097152
/sys/kernel/mm/transparent_hugepage/defrag (defrag/compaction efforts parameter): always defer defer+madvise [madvise] never

Process Memory:
Virtual Size: 6897796K (peak: 6897796K)
Resident Set Size: 62500K (peak: 62500K) (anon: 37096K, file: 25404K, shmem: 0K)
Swapped out: 0K
C-Heap outstanding allocations: 21117K, retained: 3354K
glibc malloc tunables: (default)

/proc/sys/kernel/threads-max (system-wide limit on the number of threads): 127102
/proc/sys/vm/max_map_count (maximum number of memory map areas a process may have): 1048576
/proc/sys/vm/swappiness (control to define how aggressively the kernel swaps out anonymous memory): 60
/proc/sys/kernel/pid_max (system-wide limit on number of process identifiers): 4194304

container (cgroup) information:
container_type: cgroupv2
cpu_cpuset_cpus: not supported
cpu_memory_nodes: not supported
active_processor_count: 4
cpu_quota: not supported
cpu_period: not supported
cpu_shares: not supported
memory_limit_in_bytes: unlimited
memory_and_swap_limit_in_bytes: unlimited
memory_soft_limit_in_bytes: unlimited
memory_usage_in_bytes: 3876724 k
memory_max_usage_in_bytes: not supported
memory_swap_current_in_bytes: 733796 k
memory_swap_max_limit_in_bytes: unlimited
maximum number of tasks: 19065
current number of tasks: 171

Steal ticks since vm start: 0
Steal ticks percentage since vm start:  0.000

CPU: total 4 (initial active 4) (4 cores per cpu, 1 threads per core) family 6 model 58 stepping 9 microcode 0x21, cx8, cmov, fxsr, mmx, sse, sse2, sse3, ssse3, sse4.1, sse4.2, popcnt, tsc, tscinvbit, avx, aes, erms, clmul, vzeroupper, clflush, rdtscp, f16c
CPU Model and flags from /proc/cpuinfo:
model name	: Intel(R) Core(TM) i5-3470 CPU @ 3.20GHz
flags		: fpu vme de pse tsc msr pae mce cx8 apic sep mtrr pge mca cmov pat pse36 clflush dts acpi mmx fxsr sse sse2 ss ht tm pbe syscall nx rdtscp lm constant_tsc arch_perfmon pebs bts rep_good nopl xtopology nonstop_tsc cpuid aperfmperf pni pclmulqdq dtes64 monitor ds_cpl vmx smx est tm2 ssse3 cx16 xtpr pdcm pcid sse4_1 sse4_2 x2apic popcnt tsc_deadline_timer aes xsave avx f16c rdrand lahf_lm cpuid_fault epb pti ssbd ibrs ibpb stibp tpr_shadow flexpriority ept vpid fsgsbase smep erms xsaveopt dtherm ida arat pln pts vnmi md_clear flush_l1d

Online cpus: 0-3
Offline cpus: 
BIOS frequency limitation: <Not Available>
Frequency switch latency (ns): 20000
Available cpu frequencies: <Not Available>
Current governor: schedutil
Core performance/turbo boost: <Not Available>

Memory: 4k page, physical 16340316k(7383612k free), swap 4194300k(979648k free)
Page Sizes: 4k

vm_info: OpenJDK 64-Bit Server VM (21.0.4+7-Ubuntu-1ubuntu224.04) for linux-amd64 JRE (21.0.4+7-Ubuntu-1ubuntu224.04), built on 2024-07-23T01:34:52Z by "buildd" with gcc 13.2.0

END.
